2025.11.25 20:57:59 INFO  Started: Metals version 1.6.3 in folders '/home/riccardo/Documenti/spark' for client Visual Studio Code 1.106.2.
2025.11.25 20:57:59 WARN  Using H2 2.4.240 which is newer than the version Flyway has been verified with. The latest verified version of H2 is 2.3.232.
2025.11.25 20:58:00 INFO  no build target found for /home/riccardo/Documenti/spark/src/main/scala/sparkPratica/rdd_Oggetto.scala. Using presentation compiler with project's scala-library version: 3.3.6
2025.11.25 20:58:00 INFO  Attempting to connect to the build server...
2025.11.25 20:58:00 INFO  Found a Bloop server running
2025.11.25 20:58:00 INFO  tracing is disabled for protocol BSP, to enable tracing of incoming and outgoing JSON messages create an empty file at /home/riccardo/Documenti/spark/.metals/bsp.trace.json or /home/riccardo/.cache/metals/bsp.trace.json
2025.11.25 20:58:00 INFO  Attempting to connect to the build server...
2025.11.25 20:58:00 INFO  Found a Bloop server running
2025.11.25 20:58:00 INFO  tracing is disabled for protocol BSP, to enable tracing of incoming and outgoing JSON messages create an empty file at /home/riccardo/Documenti/spark/project/.metals/bsp.trace.json or /home/riccardo/.cache/metals/bsp.trace.json
2025.11.25 20:58:00 INFO  time: Connected to build server in 0.28s
2025.11.25 20:58:00 INFO  Connected to Build server: Bloop v2.0.16
2025.11.25 20:58:00 INFO  Created report: Optional.empty
2025.11.25 20:58:00 INFO  Empty build targets. Expected at least one build target identifier. (full report at: "/home/riccardo/Documenti/spark/.metals/.reports/bloop/2025-11-25/r_Empty build targets...._20-58-00-443.md")
2025.11.25 20:58:00 INFO  Empty build targets. Expected at least one build target identifier. (full report at: "/home/riccardo/Documenti/spark/.metals/.reports/bloop/2025-11-25/r_Empty build targets...._20-58-00-443.md")
2025.11.25 20:58:00 INFO  Empty build targets. Expected at least one build target identifier. (full report at: "/home/riccardo/Documenti/spark/.metals/.reports/bloop/2025-11-25/r_Empty build targets...._20-58-00-443.md")
2025.11.25 20:58:00 INFO  Empty build targets. Expected at least one build target identifier. (full report at: "/home/riccardo/Documenti/spark/.metals/.reports/bloop/2025-11-25/r_Empty build targets...._20-58-00-443.md")
2025.11.25 20:58:00 INFO  Empty build targets. Expected at least one build target identifier. (full report at: "/home/riccardo/Documenti/spark/.metals/.reports/bloop/2025-11-25/r_Empty build targets...._20-58-00-443.md")
nov 25, 2025 8:58:00 PM org.eclipse.lsp4j.jsonrpc.RemoteEndpoint handleCancellation
AVVERTENZA: Unmatched cancel notification for request id 2
2025.11.25 20:58:00 INFO  no build target found for /home/riccardo/Documenti/spark/src/main/scala/sparkPratica/rdd_Oggetto.scala. Using presentation compiler with project's scala-library version: 2.12.20
2025.11.25 20:58:00 INFO  no build target found for /home/riccardo/Documenti/spark/src/main/scala/sparkPratica/rdd_Oggetto.scala. Using presentation compiler with project's scala-library version: 2.12.20
2025.11.25 20:58:00 INFO  no build target found for /home/riccardo/Documenti/spark/src/main/scala/sparkPratica/rdd_Oggetto.scala. Using presentation compiler with project's scala-library version: 2.12.20
nov 25, 2025 8:58:00 PM org.eclipse.lsp4j.jsonrpc.RemoteEndpoint handleCancellation
AVVERTENZA: Unmatched cancel notification for request id 5
nov 25, 2025 8:58:00 PM org.eclipse.lsp4j.jsonrpc.RemoteEndpoint handleCancellation
AVVERTENZA: Unmatched cancel notification for request id 6
2025.11.25 20:58:00 INFO  no build target found for /home/riccardo/Documenti/spark/src/main/scala/sparkPratica/rdd_Oggetto.scala. Using presentation compiler with project's scala-library version: 2.12.20
2025.11.25 20:58:01 WARN  Could not find java sources in /usr/lib/jvm/src.zip, /usr/lib/jvm/lib/src.zip, /usr/lib/jvm/java-17-openjdk-amd64/src.zip, /usr/lib/jvm/java-17-openjdk-amd64/lib/src.zip. Java symbols will not be available.
2025.11.25 20:58:03 INFO  time: indexed workspace in 2.89s
2025.11.25 20:58:03 WARN  no build target for: /home/riccardo/Documenti/spark/src/main/scala/sparkPratica/rdd_Oggetto.scala
2025.11.25 20:58:03 INFO  no build target found for /home/riccardo/Documenti/spark/src/main/scala/sparkPratica/rdd_Oggetto.scala. Using presentation compiler with project's scala-library version: 2.12.20
2025.11.25 20:58:03 WARN  no build target for: /home/riccardo/Documenti/spark/src/main/scala/sparkPratica/rdd_Oggetto.scala
2025.11.25 20:58:03 INFO  no build target found for /home/riccardo/Documenti/spark/src/main/scala/sparkPratica/rdd_Oggetto.scala. Using presentation compiler with project's scala-library version: 2.12.20
2025.11.25 20:58:03 INFO  no build target found for /home/riccardo/Documenti/spark/src/main/scala/sparkPratica/rdd_Oggetto.scala. Using presentation compiler with project's scala-library version: 2.12.20
2025.11.25 20:58:03 INFO  no build target found for /home/riccardo/Documenti/spark/src/main/scala/sparkPratica/rdd_Oggetto.scala. Using presentation compiler with project's scala-library version: 2.12.20
2025.11.25 20:59:01 INFO  running '/usr/bin/sbt -Dbloop.export-jar-classifiers=sources bloopInstall'
2025.11.25 20:59:02 INFO  [info] welcome to sbt 1.11.7 (Ubuntu Java 17.0.17)
2025.11.25 20:59:02 INFO  [info] loading settings for project spark-build-build from metals.sbt...
2025.11.25 20:59:02 INFO  [info] loading project definition from /home/riccardo/Documenti/spark/project/project
2025.11.25 20:59:02 INFO  [info] loading settings for project spark-build from metals.sbt...
2025.11.25 20:59:03 INFO  [info] loading project definition from /home/riccardo/Documenti/spark/project
2025.11.25 20:59:03 INFO  [success] Generated .bloop/spark-build.json
2025.11.25 20:59:03 INFO  [success] Total time: 1 s, completed 25 nov 2025, 20:59:03
2025.11.25 20:59:04 INFO  [info] loading settings for project spark from build.sbt...
2025.11.25 20:59:04 INFO  [info] set current project to SparkPractice (in build file:/home/riccardo/Documenti/spark/)
2025.11.25 20:59:04 INFO  [success] Generated .bloop/spark-test.json
2025.11.25 20:59:04 INFO  [success] Generated .bloop/spark.json
2025.11.25 20:59:04 INFO  [success] Total time: 0 s, completed 25 nov 2025, 20:59:05
2025.11.25 20:59:05 INFO  time: ran 'sbt bloopInstall' in 4.02s
2025.11.25 20:59:05 INFO  Disconnecting from Bloop session...
2025.11.25 20:59:05 INFO  Shut down connection with build server.
2025.11.25 20:59:05 INFO  Shut down connection with build server.
2025.11.25 20:59:05 INFO  Attempting to connect to the build server...
2025.11.25 20:59:05 INFO  Found a Bloop server running
2025.11.25 20:59:05 INFO  tracing is disabled for protocol BSP, to enable tracing of incoming and outgoing JSON messages create an empty file at /home/riccardo/Documenti/spark/.metals/bsp.trace.json or /home/riccardo/.cache/metals/bsp.trace.json
2025.11.25 20:59:05 INFO  Attempting to connect to the build server...
2025.11.25 20:59:05 INFO  Found a Bloop server running
2025.11.25 20:59:05 INFO  tracing is disabled for protocol BSP, to enable tracing of incoming and outgoing JSON messages create an empty file at /home/riccardo/Documenti/spark/project/.metals/bsp.trace.json or /home/riccardo/.cache/metals/bsp.trace.json
2025.11.25 20:59:05 INFO  time: Connected to build server in 0.21s
2025.11.25 20:59:05 INFO  Connected to Build server: Bloop v2.0.16
2025.11.25 20:59:07 WARN  Could not find java sources in /usr/lib/jvm/src.zip, /usr/lib/jvm/lib/src.zip, /usr/lib/jvm/java-17-openjdk-amd64/src.zip, /usr/lib/jvm/java-17-openjdk-amd64/lib/src.zip. Java symbols will not be available.
2025.11.25 20:59:09 INFO  Created report: Optional[file:///home/riccardo/Documenti/spark/jar:file:/home/riccardo/.cache/coursier/v1/https/repo1.maven.org/maven2/org/apache/hadoop/hadoop-client-api/3.3.4/hadoop-client-api-3.3.4-sources.jar!/org/apache/hadoop/hdfs/protocol/proto/ClientNamenodeProtocolProtos.java]
2025.11.25 20:59:09 INFO  Java indexer failed with and exception. (full report at: "/home/riccardo/Documenti/spark/.metals/.reports/metals-full/2025-11-25/r_failed-idex-java_20-59-09-559.md")
2025.11.25 20:59:09 INFO  Created report: Optional[file:///home/riccardo/Documenti/spark/jar:file:/home/riccardo/.cache/coursier/v1/https/repo1.maven.org/maven2/org/apache/hadoop/hadoop-client-api/3.3.4/hadoop-client-api-3.3.4-sources.jar!/org/apache/hadoop/hdfs/protocol/proto/ClientDatanodeProtocolProtos.java]
2025.11.25 20:59:09 INFO  Java indexer failed with and exception. (full report at: "/home/riccardo/Documenti/spark/.metals/.reports/metals-full/2025-11-25/r_failed-idex-java_20-59-09-682.md")
2025.11.25 20:59:09 INFO  Created report: Optional[file:///home/riccardo/Documenti/spark/jar:file:/home/riccardo/.cache/coursier/v1/https/repo1.maven.org/maven2/org/apache/hadoop/hadoop-client-api/3.3.4/hadoop-client-api-3.3.4-sources.jar!/org/apache/hadoop/security/proto/RefreshUserMappingsProtocolProtos.java]
2025.11.25 20:59:09 INFO  Java indexer failed with and exception. (full report at: "/home/riccardo/Documenti/spark/.metals/.reports/metals-full/2025-11-25/r_failed-idex-java_20-59-09-954.md")
2025.11.25 20:59:09 INFO  Created report: Optional[file:///home/riccardo/Documenti/spark/jar:file:/home/riccardo/.cache/coursier/v1/https/repo1.maven.org/maven2/org/apache/hadoop/hadoop-client-api/3.3.4/hadoop-client-api-3.3.4-sources.jar!/org/apache/hadoop/ipc/protobuf/TestRpcServiceProtos.java]
2025.11.25 20:59:09 INFO  Java indexer failed with and exception. (full report at: "/home/riccardo/Documenti/spark/.metals/.reports/metals-full/2025-11-25/r_failed-idex-java_20-59-10-009.md")
2025.11.25 20:59:09 INFO  Created report: Optional[file:///home/riccardo/Documenti/spark/jar:file:/home/riccardo/.cache/coursier/v1/https/repo1.maven.org/maven2/org/apache/hadoop/hadoop-client-api/3.3.4/hadoop-client-api-3.3.4-sources.jar!/org/apache/hadoop/ipc/protobuf/TestRpcServiceProtosLegacy.java]
2025.11.25 20:59:09 INFO  Java indexer failed with and exception. (full report at: "/home/riccardo/Documenti/spark/.metals/.reports/metals-full/2025-11-25/r_failed-idex-java_20-59-10-016.md")
2025.11.25 20:59:09 INFO  Created report: Optional[file:///home/riccardo/Documenti/spark/jar:file:/home/riccardo/.cache/coursier/v1/https/repo1.maven.org/maven2/org/apache/hadoop/hadoop-client-api/3.3.4/hadoop-client-api-3.3.4-sources.jar!/org/apache/hadoop/ipc/protobuf/IpcConnectionContextProtos.java]
2025.11.25 20:59:09 INFO  Java indexer failed with and exception. (full report at: "/home/riccardo/Documenti/spark/.metals/.reports/metals-full/2025-11-25/r_failed-idex-java_20-59-10-037.md")
2025.11.25 20:59:09 INFO  Created report: Optional[file:///home/riccardo/Documenti/spark/jar:file:/home/riccardo/.cache/coursier/v1/https/repo1.maven.org/maven2/org/apache/hadoop/hadoop-client-api/3.3.4/hadoop-client-api-3.3.4-sources.jar!/org/apache/hadoop/ipc/protobuf/RpcHeaderProtos.java]
2025.11.25 20:59:09 INFO  Java indexer failed with and exception. (full report at: "/home/riccardo/Documenti/spark/.metals/.reports/metals-full/2025-11-25/r_failed-idex-java_20-59-10-048.md")
2025.11.25 20:59:09 INFO  Created report: Optional[file:///home/riccardo/Documenti/spark/jar:file:/home/riccardo/.cache/coursier/v1/https/repo1.maven.org/maven2/org/apache/hadoop/hadoop-client-api/3.3.4/hadoop-client-api-3.3.4-sources.jar!/org/apache/hadoop/tracing/TraceAdminPB.java]
2025.11.25 20:59:09 INFO  Java indexer failed with and exception. (full report at: "/home/riccardo/Documenti/spark/.metals/.reports/metals-full/2025-11-25/r_failed-idex-java_20-59-10-145.md")
2025.11.25 20:59:09 INFO  Created report: Optional[file:///home/riccardo/Documenti/spark/jar:file:/home/riccardo/.cache/coursier/v1/https/repo1.maven.org/maven2/org/apache/hadoop/hadoop-client-api/3.3.4/hadoop-client-api-3.3.4-sources.jar!/org/apache/hadoop/fs/audit/AuditConstants.java]
2025.11.25 20:59:09 INFO  Java indexer failed with and exception. (full report at: "/home/riccardo/Documenti/spark/.metals/.reports/metals-full/2025-11-25/r_failed-idex-java_20-59-10-199.md")
2025.11.25 20:59:13 INFO  Created report: Optional[file:///home/riccardo/Documenti/spark/jar:file:/home/riccardo/.cache/coursier/v1/https/repo1.maven.org/maven2/org/apache/arrow/arrow-vector/12.0.1/arrow-vector-12.0.1-sources.jar!/codegen/templates/ArrowType.java]
2025.11.25 20:59:13 INFO  Java indexer failed with and exception. (full report at: "/home/riccardo/Documenti/spark/.metals/.reports/metals-full/2025-11-25/r_failed-idex-java_20-59-13-802.md")
2025.11.25 20:59:13 INFO  Created report: Optional[file:///home/riccardo/Documenti/spark/jar:file:/home/riccardo/.cache/coursier/v1/https/repo1.maven.org/maven2/org/apache/arrow/arrow-vector/12.0.1/arrow-vector-12.0.1-sources.jar!/codegen/templates/UnionReader.java]
2025.11.25 20:59:13 INFO  Java indexer failed with and exception. (full report at: "/home/riccardo/Documenti/spark/.metals/.reports/metals-full/2025-11-25/r_failed-idex-java_20-59-13-804.md")
2025.11.25 20:59:13 INFO  Created report: Optional[file:///home/riccardo/Documenti/spark/jar:file:/home/riccardo/.cache/coursier/v1/https/repo1.maven.org/maven2/org/apache/arrow/arrow-vector/12.0.1/arrow-vector-12.0.1-sources.jar!/codegen/templates/CaseSensitiveStructWriters.java]
2025.11.25 20:59:13 INFO  Java indexer failed with and exception. (full report at: "/home/riccardo/Documenti/spark/.metals/.reports/metals-full/2025-11-25/r_failed-idex-java_20-59-13-805.md")
2025.11.25 20:59:13 INFO  Created report: Optional[file:///home/riccardo/Documenti/spark/jar:file:/home/riccardo/.cache/coursier/v1/https/repo1.maven.org/maven2/org/apache/arrow/arrow-vector/12.0.1/arrow-vector-12.0.1-sources.jar!/codegen/templates/DenseUnionVector.java]
2025.11.25 20:59:13 INFO  Java indexer failed with and exception. (full report at: "/home/riccardo/Documenti/spark/.metals/.reports/metals-full/2025-11-25/r_failed-idex-java_20-59-13-806.md")
2025.11.25 20:59:13 INFO  Created report: Optional[file:///home/riccardo/Documenti/spark/jar:file:/home/riccardo/.cache/coursier/v1/https/repo1.maven.org/maven2/org/apache/arrow/arrow-vector/12.0.1/arrow-vector-12.0.1-sources.jar!/codegen/templates/AbstractPromotableFieldWriter.java]
2025.11.25 20:59:13 INFO  Java indexer failed with and exception. (full report at: "/home/riccardo/Documenti/spark/.metals/.reports/metals-full/2025-11-25/r_failed-idex-java_20-59-13-807.md")
2025.11.25 20:59:13 INFO  Created report: Optional[file:///home/riccardo/Documenti/spark/jar:file:/home/riccardo/.cache/coursier/v1/https/repo1.maven.org/maven2/org/apache/arrow/arrow-vector/12.0.1/arrow-vector-12.0.1-sources.jar!/codegen/templates/UnionFixedSizeListWriter.java]
2025.11.25 20:59:13 INFO  Java indexer failed with and exception. (full report at: "/home/riccardo/Documenti/spark/.metals/.reports/metals-full/2025-11-25/r_failed-idex-java_20-59-13-808.md")
2025.11.25 20:59:13 INFO  Created report: Optional[file:///home/riccardo/Documenti/spark/jar:file:/home/riccardo/.cache/coursier/v1/https/repo1.maven.org/maven2/org/apache/arrow/arrow-vector/12.0.1/arrow-vector-12.0.1-sources.jar!/codegen/templates/BaseReader.java]
2025.11.25 20:59:13 INFO  Java indexer failed with and exception. (full report at: "/home/riccardo/Documenti/spark/.metals/.reports/metals-full/2025-11-25/r_failed-idex-java_20-59-13-809.md")
2025.11.25 20:59:13 INFO  Created report: Optional[file:///home/riccardo/Documenti/spark/jar:file:/home/riccardo/.cache/coursier/v1/https/repo1.maven.org/maven2/org/apache/arrow/arrow-vector/12.0.1/arrow-vector-12.0.1-sources.jar!/codegen/templates/AbstractFieldReader.java]
2025.11.25 20:59:13 INFO  Java indexer failed with and exception. (full report at: "/home/riccardo/Documenti/spark/.metals/.reports/metals-full/2025-11-25/r_failed-idex-java_20-59-13-810.md")
2025.11.25 20:59:13 INFO  Created report: Optional[file:///home/riccardo/Documenti/spark/jar:file:/home/riccardo/.cache/coursier/v1/https/repo1.maven.org/maven2/org/apache/arrow/arrow-vector/12.0.1/arrow-vector-12.0.1-sources.jar!/codegen/templates/UnionVector.java]
2025.11.25 20:59:13 INFO  Java indexer failed with and exception. (full report at: "/home/riccardo/Documenti/spark/.metals/.reports/metals-full/2025-11-25/r_failed-idex-java_20-59-13-811.md")
2025.11.25 20:59:13 INFO  Created report: Optional[file:///home/riccardo/Documenti/spark/jar:file:/home/riccardo/.cache/coursier/v1/https/repo1.maven.org/maven2/org/apache/arrow/arrow-vector/12.0.1/arrow-vector-12.0.1-sources.jar!/codegen/templates/NullReader.java]
2025.11.25 20:59:13 INFO  Java indexer failed with and exception. (full report at: "/home/riccardo/Documenti/spark/.metals/.reports/metals-full/2025-11-25/r_failed-idex-java_20-59-13-812.md")
2025.11.25 20:59:13 INFO  Created report: Optional[file:///home/riccardo/Documenti/spark/jar:file:/home/riccardo/.cache/coursier/v1/https/repo1.maven.org/maven2/org/apache/arrow/arrow-vector/12.0.1/arrow-vector-12.0.1-sources.jar!/codegen/templates/UnionMapWriter.java]
2025.11.25 20:59:13 INFO  Java indexer failed with and exception. (full report at: "/home/riccardo/Documenti/spark/.metals/.reports/metals-full/2025-11-25/r_failed-idex-java_20-59-13-813.md")
2025.11.25 20:59:13 INFO  Created report: Optional[file:///home/riccardo/Documenti/spark/jar:file:/home/riccardo/.cache/coursier/v1/https/repo1.maven.org/maven2/org/apache/arrow/arrow-vector/12.0.1/arrow-vector-12.0.1-sources.jar!/codegen/templates/AbstractFieldWriter.java]
2025.11.25 20:59:13 INFO  Java indexer failed with and exception. (full report at: "/home/riccardo/Documenti/spark/.metals/.reports/metals-full/2025-11-25/r_failed-idex-java_20-59-13-814.md")
2025.11.25 20:59:13 INFO  Created report: Optional[file:///home/riccardo/Documenti/spark/jar:file:/home/riccardo/.cache/coursier/v1/https/repo1.maven.org/maven2/org/apache/arrow/arrow-vector/12.0.1/arrow-vector-12.0.1-sources.jar!/codegen/templates/ComplexReaders.java]
2025.11.25 20:59:13 INFO  Java indexer failed with and exception. (full report at: "/home/riccardo/Documenti/spark/.metals/.reports/metals-full/2025-11-25/r_failed-idex-java_20-59-13-815.md")
2025.11.25 20:59:13 INFO  Created report: Optional[file:///home/riccardo/Documenti/spark/jar:file:/home/riccardo/.cache/coursier/v1/https/repo1.maven.org/maven2/org/apache/arrow/arrow-vector/12.0.1/arrow-vector-12.0.1-sources.jar!/codegen/templates/HolderReaderImpl.java]
2025.11.25 20:59:13 INFO  Java indexer failed with and exception. (full report at: "/home/riccardo/Documenti/spark/.metals/.reports/metals-full/2025-11-25/r_failed-idex-java_20-59-13-816.md")
2025.11.25 20:59:13 INFO  Created report: Optional[file:///home/riccardo/Documenti/spark/jar:file:/home/riccardo/.cache/coursier/v1/https/repo1.maven.org/maven2/org/apache/arrow/arrow-vector/12.0.1/arrow-vector-12.0.1-sources.jar!/codegen/templates/ValueHolders.java]
2025.11.25 20:59:13 INFO  Java indexer failed with and exception. (full report at: "/home/riccardo/Documenti/spark/.metals/.reports/metals-full/2025-11-25/r_failed-idex-java_20-59-13-817.md")
2025.11.25 20:59:13 INFO  Created report: Optional[file:///home/riccardo/Documenti/spark/jar:file:/home/riccardo/.cache/coursier/v1/https/repo1.maven.org/maven2/org/apache/arrow/arrow-vector/12.0.1/arrow-vector-12.0.1-sources.jar!/codegen/templates/DenseUnionWriter.java]
2025.11.25 20:59:13 INFO  Java indexer failed with and exception. (full report at: "/home/riccardo/Documenti/spark/.metals/.reports/metals-full/2025-11-25/r_failed-idex-java_20-59-13-818.md")
2025.11.25 20:59:13 INFO  Created report: Optional[file:///home/riccardo/Documenti/spark/jar:file:/home/riccardo/.cache/coursier/v1/https/repo1.maven.org/maven2/org/apache/arrow/arrow-vector/12.0.1/arrow-vector-12.0.1-sources.jar!/codegen/templates/DenseUnionReader.java]
2025.11.25 20:59:13 INFO  Java indexer failed with and exception. (full report at: "/home/riccardo/Documenti/spark/.metals/.reports/metals-full/2025-11-25/r_failed-idex-java_20-59-13-819.md")
2025.11.25 20:59:13 INFO  time: indexed workspace in 8.53s
2025.11.25 20:59:14 INFO  compiling spark (1 scala source)
2025.11.25 20:59:14 INFO  time: compiled spark in 0.46s
2025.11.25 20:59:17 INFO  compiling spark (1 scala source)
2025.11.25 20:59:17 INFO  time: compiled spark in 27ms
2025.11.25 20:59:58 INFO  skipping build import with status 'Installed'
2025.11.25 21:02:45 INFO  compiling spark (1 scala source)
2025.11.25 21:02:45 INFO  time: compiled spark in 37ms
2025.11.25 21:38:27 INFO  compiling spark (1 scala source)
2025.11.25 21:38:27 INFO  time: compiled spark in 35ms
2025.11.25 21:39:46 INFO  compiling spark (1 scala source)
2025.11.25 21:39:46 INFO  time: compiled spark in 32ms
2025.11.25 21:41:08 INFO  compiling spark (1 scala source)
2025.11.25 21:41:08 INFO  time: compiled spark in 32ms
2025.11.25 21:42:34 INFO  compiling spark (1 scala source)
2025.11.25 21:42:34 INFO  time: compiled spark in 31ms
2025.11.25 21:48:31 INFO  compiling spark (1 scala source)
2025.11.25 21:48:31 INFO  time: compiled spark in 31ms
2025.11.25 21:50:07 INFO  compiling spark (1 scala source)
2025.11.25 21:50:07 INFO  time: compiled spark in 33ms
2025.11.25 22:52:33 INFO  Shutting down server
2025.11.25 22:52:33 INFO  shutting down Metals
2025.11.25 22:52:33 INFO  Shut down connection with build server.
2025.11.25 22:52:33 INFO  Shut down connection with build server.
2025.11.25 22:52:33 INFO  Exiting server
2025.11.26 09:49:28 INFO  Started: Metals version 1.6.3 in folders '/home/riccardo/Documenti/spark' for client Visual Studio Code 1.106.2.
2025.11.26 09:49:28 WARN  Using H2 2.4.240 which is newer than the version Flyway has been verified with. The latest verified version of H2 is 2.3.232.
2025.11.26 09:49:28 INFO  no build target found for /home/riccardo/Documenti/spark/src/main/scala/sparkPratica/rdd_Oggetto.scala. Using presentation compiler with project's scala-library version: 3.3.6
2025.11.26 09:49:29 INFO  Attempting to connect to the build server...
2025.11.26 09:49:29 INFO  No running Bloop server found, starting one.
nov 26, 2025 9:49:30 AM org.eclipse.lsp4j.jsonrpc.services.GenericEndpoint notify
INFORMAZIONI: Unsupported notification method: $/setTrace
nov 26, 2025 9:49:30 AM org.eclipse.lsp4j.jsonrpc.RemoteEndpoint handleCancellation
AVVERTENZA: Unmatched cancel notification for request id 1
2025.11.26 09:49:30 INFO  no build target found for /home/riccardo/Documenti/spark/src/main/scala/sparkPratica/rdd_Oggetto.scala. Using presentation compiler with project's scala-library version: 3.3.6
nov 26, 2025 9:49:30 AM org.eclipse.lsp4j.jsonrpc.RemoteEndpoint handleCancellation
AVVERTENZA: Unmatched cancel notification for request id 2
nov 26, 2025 9:49:30 AM org.eclipse.lsp4j.jsonrpc.RemoteEndpoint handleCancellation
AVVERTENZA: Unmatched cancel notification for request id 4
2025.11.26 09:49:30 INFO  no build target found for /home/riccardo/Documenti/spark/src/main/scala/sparkPratica/rdd_Oggetto.scala. Using presentation compiler with project's scala-library version: 3.3.6
2025.11.26 09:49:30 INFO  no build target found for /home/riccardo/Documenti/spark/src/main/scala/sparkPratica/rdd_Oggetto.scala. Using presentation compiler with project's scala-library version: 3.3.6
2025.11.26 09:49:30 INFO  no build target found for /home/riccardo/Documenti/spark/src/main/scala/sparkPratica/rdd_Oggetto.scala. Using presentation compiler with project's scala-library version: 3.3.6
nov 26, 2025 9:49:30 AM org.eclipse.lsp4j.jsonrpc.RemoteEndpoint handleCancellation
AVVERTENZA: Unmatched cancel notification for request id 9
nov 26, 2025 9:49:30 AM org.eclipse.lsp4j.jsonrpc.RemoteEndpoint handleCancellation
AVVERTENZA: Unmatched cancel notification for request id 10
nov 26, 2025 9:49:30 AM org.eclipse.lsp4j.jsonrpc.RemoteEndpoint handleCancellation
AVVERTENZA: Unmatched cancel notification for request id 5
2025.11.26 09:49:30 INFO  no build target found for /home/riccardo/Documenti/spark/src/main/scala/sparkPratica/rdd_Oggetto.scala. Using presentation compiler with project's scala-library version: 3.3.6
2025.11.26 09:49:32 INFO  Starting compilation server
2025.11.26 09:49:33 INFO  tracing is disabled for protocol BSP, to enable tracing of incoming and outgoing JSON messages create an empty file at /home/riccardo/Documenti/spark/.metals/bsp.trace.json or /home/riccardo/.cache/metals/bsp.trace.json
2025.11.26 09:49:33 INFO  Attempting to connect to the build server...
2025.11.26 09:49:33 INFO  Found a Bloop server running
2025.11.26 09:49:33 INFO  tracing is disabled for protocol BSP, to enable tracing of incoming and outgoing JSON messages create an empty file at /home/riccardo/Documenti/spark/project/.metals/bsp.trace.json or /home/riccardo/.cache/metals/bsp.trace.json
2025.11.26 09:49:33 INFO  time: Connected to build server in 3.8s
2025.11.26 09:49:33 INFO  Connected to Build server: Bloop v2.0.16
2025.11.26 09:49:34 WARN  Could not find java sources in /usr/lib/jvm/src.zip, /usr/lib/jvm/lib/src.zip, /usr/lib/jvm/java-17-openjdk-amd64/src.zip, /usr/lib/jvm/java-17-openjdk-amd64/lib/src.zip. Java symbols will not be available.
2025.11.26 09:49:34 INFO  time: indexed workspace in 1.99s
2025.11.26 09:49:35 INFO  compiling spark (1 scala source)
2025.11.26 09:49:35 INFO  Non-compiled module 'compiler-bridge_2.12' for Scala 2.12.18. Compiling...
2025.11.26 09:49:39 INFO  Compilation completed in 3.181s.
2025.11.26 09:49:40 INFO  time: compiled spark in 4.69s
2025.11.26 10:17:09 INFO  compiling spark (1 scala source)
2025.11.26 10:17:09 INFO  time: compiled spark in 0.6s
2025.11.26 10:26:59 INFO  compiling spark (1 scala source)
2025.11.26 10:26:59 INFO  time: compiled spark in 0.55s
2025.11.26 10:46:58 INFO  compiling spark (1 scala source)
2025.11.26 10:46:58 INFO  time: compiled spark in 0.53s
nov 26, 2025 10:49:26 AM org.eclipse.lsp4j.jsonrpc.services.GenericEndpoint notify
INFORMAZIONI: Unsupported notification method: $/setTrace
2025.11.26 10:49:47 INFO  compiling spark (1 scala source)
2025.11.26 10:49:47 INFO  time: compiled spark in 0.44s
2025.11.26 11:04:24 INFO  compiling spark (1 scala source)
2025.11.26 11:04:24 INFO  time: compiled spark in 0.5s
2025.11.26 11:06:44 INFO  compiling spark (1 scala source)
2025.11.26 11:06:44 INFO  time: compiled spark in 0.41s
nov 26, 2025 11:06:50 AM org.eclipse.lsp4j.jsonrpc.services.GenericEndpoint notify
INFORMAZIONI: Unsupported notification method: $/setTrace
nov 26, 2025 11:16:22 AM org.eclipse.lsp4j.jsonrpc.RemoteEndpoint handleNotification
AVVERTENZA: Notification threw an exception: {
  "jsonrpc": "2.0",
  "method": "metals/didFocusTextDocument",
  "params": [
    "vscode-chat-code-block://dnnjb2rllwnoyxqtc2vzc2lvbjovl2xvy2fsl1kysmlzakk0wvdjdflutmxpuzawwvrzd0xuz3pzamn0wvroall6tmxav00ywmpbmg/response_50eda827-8e80-4a71-b372-b1a472eff8bd/3#%7B%22references%22%3A%5B%5D%7D"
  ]
}
java.nio.file.FileSystemNotFoundException: Provider "vscode-chat-code-block" not installed
	at java.base/java.nio.file.Path.of(Path.java:212)
	at java.base/java.nio.file.Paths.get(Paths.java:98)
	at scala.meta.internal.mtags.MtagsEnrichments$XtensionURIMtags.toAbsolutePath(MtagsEnrichments.scala:149)
	at scala.meta.internal.mtags.MtagsEnrichments$XtensionStringMtags.toAbsolutePath(MtagsEnrichments.scala:209)
	at scala.meta.internal.metals.MetalsEnrichments$XtensionString.toAbsolutePath(MetalsEnrichments.scala:796)
	at scala.meta.internal.metals.MetalsEnrichments$XtensionString.toAbsolutePath(MetalsEnrichments.scala:793)
	at scala.meta.internal.metals.WorkspaceLspService.didFocus(WorkspaceLspService.scala:786)
	at scala.meta.metals.lsp.DelegatingScalaService.didFocus(DelegatingScalaService.scala:42)
	at java.base/jdk.internal.reflect.NativeMethodAccessorImpl.invoke0(Native Method)
	at java.base/jdk.internal.reflect.NativeMethodAccessorImpl.invoke(NativeMethodAccessorImpl.java:77)
	at java.base/jdk.internal.reflect.DelegatingMethodAccessorImpl.invoke(DelegatingMethodAccessorImpl.java:43)
	at java.base/java.lang.reflect.Method.invoke(Method.java:569)
	at org.eclipse.lsp4j.jsonrpc.services.GenericEndpoint.lambda$recursiveFindRpcMethods$0(GenericEndpoint.java:65)
	at org.eclipse.lsp4j.jsonrpc.services.GenericEndpoint.notify(GenericEndpoint.java:160)
	at org.eclipse.lsp4j.jsonrpc.RemoteEndpoint.handleNotification(RemoteEndpoint.java:231)
	at org.eclipse.lsp4j.jsonrpc.RemoteEndpoint.consume(RemoteEndpoint.java:198)
	at org.eclipse.lsp4j.jsonrpc.json.StreamMessageProducer.handleMessage(StreamMessageProducer.java:185)
	at org.eclipse.lsp4j.jsonrpc.json.StreamMessageProducer.listen(StreamMessageProducer.java:97)
	at org.eclipse.lsp4j.jsonrpc.json.ConcurrentMessageProcessor.run(ConcurrentMessageProcessor.java:114)
	at java.base/java.util.concurrent.Executors$RunnableAdapter.call(Executors.java:539)
	at java.base/java.util.concurrent.FutureTask.run(FutureTask.java:264)
	at java.base/java.util.concurrent.ThreadPoolExecutor.runWorker(ThreadPoolExecutor.java:1136)
	at java.base/java.util.concurrent.ThreadPoolExecutor$Worker.run(ThreadPoolExecutor.java:635)
	at java.base/java.lang.Thread.run(Thread.java:840)

nov 26, 2025 11:16:22 AM org.eclipse.lsp4j.jsonrpc.RemoteEndpoint handleNotification
AVVERTENZA: Notification threw an exception: {
  "jsonrpc": "2.0",
  "method": "metals/didFocusTextDocument",
  "params": [
    "vscode-chat-code-block://dnnjb2rllwnoyxqtc2vzc2lvbjovl2xvy2fsl1kysmlzakk0wvdjdflutmxpuzawwvrzd0xuz3pzamn0wvroall6tmxav00ywmpbmg/response_6059b8fe-0d33-43d1-99f9-3c1e7db05bba/0#%7B%22references%22%3A%5B%7B%22uri%22%3A%7B%22%24mid%22%3A1%2C%22fsPath%22%3A%22%2Fhome%2Friccardo%2F.config%2FCode%2FUser%2FworkspaceStorage%2Fvscode-chat-images%2Fimage-1764092153872.png%22%2C%22external%22%3A%22file%3A%2F%2F%2Fhome%2Friccardo%2F.config%2FCode%2FUser%2FworkspaceStorage%2Fvscode-chat-images%2Fimage-1764092153872.png%22%2C%22path%22%3A%22%2Fhome%2Friccardo%2F.config%2FCode%2FUser%2FworkspaceStorage%2Fvscode-chat-images%2Fimage-1764092153872.png%22%2C%22scheme%22%3A%22file%22%7D%7D%5D%7D"
  ]
}
java.nio.file.FileSystemNotFoundException: Provider "vscode-chat-code-block" not installed
	at java.base/java.nio.file.Path.of(Path.java:212)
	at java.base/java.nio.file.Paths.get(Paths.java:98)
	at scala.meta.internal.mtags.MtagsEnrichments$XtensionURIMtags.toAbsolutePath(MtagsEnrichments.scala:149)
	at scala.meta.internal.mtags.MtagsEnrichments$XtensionStringMtags.toAbsolutePath(MtagsEnrichments.scala:209)
	at scala.meta.internal.metals.MetalsEnrichments$XtensionString.toAbsolutePath(MetalsEnrichments.scala:796)
	at scala.meta.internal.metals.MetalsEnrichments$XtensionString.toAbsolutePath(MetalsEnrichments.scala:793)
	at scala.meta.internal.metals.WorkspaceLspService.didFocus(WorkspaceLspService.scala:786)
	at scala.meta.metals.lsp.DelegatingScalaService.didFocus(DelegatingScalaService.scala:42)
	at java.base/jdk.internal.reflect.NativeMethodAccessorImpl.invoke0(Native Method)
	at java.base/jdk.internal.reflect.NativeMethodAccessorImpl.invoke(NativeMethodAccessorImpl.java:77)
	at java.base/jdk.internal.reflect.DelegatingMethodAccessorImpl.invoke(DelegatingMethodAccessorImpl.java:43)
	at java.base/java.lang.reflect.Method.invoke(Method.java:569)
	at org.eclipse.lsp4j.jsonrpc.services.GenericEndpoint.lambda$recursiveFindRpcMethods$0(GenericEndpoint.java:65)
	at org.eclipse.lsp4j.jsonrpc.services.GenericEndpoint.notify(GenericEndpoint.java:160)
	at org.eclipse.lsp4j.jsonrpc.RemoteEndpoint.handleNotification(RemoteEndpoint.java:231)
	at org.eclipse.lsp4j.jsonrpc.RemoteEndpoint.consume(RemoteEndpoint.java:198)
	at org.eclipse.lsp4j.jsonrpc.json.StreamMessageProducer.handleMessage(StreamMessageProducer.java:185)
	at org.eclipse.lsp4j.jsonrpc.json.StreamMessageProducer.listen(StreamMessageProducer.java:97)
	at org.eclipse.lsp4j.jsonrpc.json.ConcurrentMessageProcessor.run(ConcurrentMessageProcessor.java:114)
	at java.base/java.util.concurrent.Executors$RunnableAdapter.call(Executors.java:539)
	at java.base/java.util.concurrent.FutureTask.run(FutureTask.java:264)
	at java.base/java.util.concurrent.ThreadPoolExecutor.runWorker(ThreadPoolExecutor.java:1136)
	at java.base/java.util.concurrent.ThreadPoolExecutor$Worker.run(ThreadPoolExecutor.java:635)
	at java.base/java.lang.Thread.run(Thread.java:840)

nov 26, 2025 11:16:22 AM org.eclipse.lsp4j.jsonrpc.RemoteEndpoint handleNotification
AVVERTENZA: Notification threw an exception: {
  "jsonrpc": "2.0",
  "method": "metals/didFocusTextDocument",
  "params": [
    "vscode-chat-code-block://dnnjb2rllwnoyxqtc2vzc2lvbjovl2xvy2fsl1kysmlzakk0wvdjdflutmxpuzawwvrzd0xuz3pzamn0wvroall6tmxav00ywmpbmg/response_873087d7-a59d-4f9a-955a-8b9fdd95040e/0#%7B%22references%22%3A%5B%7B%22uri%22%3A%7B%22%24mid%22%3A1%2C%22fsPath%22%3A%22%2Fhome%2Friccardo%2FDocumenti%2Fspark%2Fsrc%2Fmain%2Fscala%2FsparkPratica%2Frdd_Oggetto.scala%22%2C%22external%22%3A%22file%3A%2F%2F%2Fhome%2Friccardo%2FDocumenti%2Fspark%2Fsrc%2Fmain%2Fscala%2FsparkPratica%2Frdd_Oggetto.scala%22%2C%22path%22%3A%22%2Fhome%2Friccardo%2FDocumenti%2Fspark%2Fsrc%2Fmain%2Fscala%2FsparkPratica%2Frdd_Oggetto.scala%22%2C%22scheme%22%3A%22file%22%7D%7D%2C%7B%22uri%22%3A%7B%22%24mid%22%3A1%2C%22fsPath%22%3A%22%2Fhome%2Friccardo%2F.config%2FCode%2FUser%2FworkspaceStorage%2Fvscode-chat-images%2Fimage-1764103244359.png%22%2C%22external%22%3A%22file%3A%2F%2F%2Fhome%2Friccardo%2F.config%2FCode%2FUser%2FworkspaceStorage%2Fvscode-chat-images%2Fimage-1764103244359.png%22%2C%22path%22%3A%22%2Fhome%2Friccardo%2F.config%2FCode%2FUser%2FworkspaceStorage%2Fvscode-chat-images%2Fimage-1764103244359.png%22%2C%22scheme%22%3A%22file%22%7D%7D%5D%7D"
  ]
}
java.nio.file.FileSystemNotFoundException: Provider "vscode-chat-code-block" not installed
	at java.base/java.nio.file.Path.of(Path.java:212)
	at java.base/java.nio.file.Paths.get(Paths.java:98)
	at scala.meta.internal.mtags.MtagsEnrichments$XtensionURIMtags.toAbsolutePath(MtagsEnrichments.scala:149)
	at scala.meta.internal.mtags.MtagsEnrichments$XtensionStringMtags.toAbsolutePath(MtagsEnrichments.scala:209)
	at scala.meta.internal.metals.MetalsEnrichments$XtensionString.toAbsolutePath(MetalsEnrichments.scala:796)
	at scala.meta.internal.metals.MetalsEnrichments$XtensionString.toAbsolutePath(MetalsEnrichments.scala:793)
	at scala.meta.internal.metals.WorkspaceLspService.didFocus(WorkspaceLspService.scala:786)
	at scala.meta.metals.lsp.DelegatingScalaService.didFocus(DelegatingScalaService.scala:42)
	at java.base/jdk.internal.reflect.NativeMethodAccessorImpl.invoke0(Native Method)
	at java.base/jdk.internal.reflect.NativeMethodAccessorImpl.invoke(NativeMethodAccessorImpl.java:77)
	at java.base/jdk.internal.reflect.DelegatingMethodAccessorImpl.invoke(DelegatingMethodAccessorImpl.java:43)
	at java.base/java.lang.reflect.Method.invoke(Method.java:569)
	at org.eclipse.lsp4j.jsonrpc.services.GenericEndpoint.lambda$recursiveFindRpcMethods$0(GenericEndpoint.java:65)
	at org.eclipse.lsp4j.jsonrpc.services.GenericEndpoint.notify(GenericEndpoint.java:160)
	at org.eclipse.lsp4j.jsonrpc.RemoteEndpoint.handleNotification(RemoteEndpoint.java:231)
	at org.eclipse.lsp4j.jsonrpc.RemoteEndpoint.consume(RemoteEndpoint.java:198)
	at org.eclipse.lsp4j.jsonrpc.json.StreamMessageProducer.handleMessage(StreamMessageProducer.java:185)
	at org.eclipse.lsp4j.jsonrpc.json.StreamMessageProducer.listen(StreamMessageProducer.java:97)
	at org.eclipse.lsp4j.jsonrpc.json.ConcurrentMessageProcessor.run(ConcurrentMessageProcessor.java:114)
	at java.base/java.util.concurrent.Executors$RunnableAdapter.call(Executors.java:539)
	at java.base/java.util.concurrent.FutureTask.run(FutureTask.java:264)
	at java.base/java.util.concurrent.ThreadPoolExecutor.runWorker(ThreadPoolExecutor.java:1136)
	at java.base/java.util.concurrent.ThreadPoolExecutor$Worker.run(ThreadPoolExecutor.java:635)
	at java.base/java.lang.Thread.run(Thread.java:840)

nov 26, 2025 11:16:22 AM org.eclipse.lsp4j.jsonrpc.RemoteEndpoint handleNotification
AVVERTENZA: Notification threw an exception: {
  "jsonrpc": "2.0",
  "method": "metals/didFocusTextDocument",
  "params": [
    "vscode-chat-code-block://dnnjb2rllwnoyxqtc2vzc2lvbjovl2xvy2fsl1kysmlzakk0wvdjdflutmxpuzawwvrzd0xuz3pzamn0wvroall6tmxav00ywmpbmg/response_f51514b8-aa14-46b3-b4df-8a516fbc40d8/0#%7B%22references%22%3A%5B%7B%22uri%22%3A%7B%22%24mid%22%3A1%2C%22fsPath%22%3A%22%2Fhome%2Friccardo%2FDocumenti%2Fspark%2Fsrc%2Fmain%2Fscala%2FsparkPratica%2Frdd_Oggetto.scala%22%2C%22external%22%3A%22file%3A%2F%2F%2Fhome%2Friccardo%2FDocumenti%2Fspark%2Fsrc%2Fmain%2Fscala%2FsparkPratica%2Frdd_Oggetto.scala%22%2C%22path%22%3A%22%2Fhome%2Friccardo%2FDocumenti%2Fspark%2Fsrc%2Fmain%2Fscala%2FsparkPratica%2Frdd_Oggetto.scala%22%2C%22scheme%22%3A%22file%22%7D%7D%2C%7B%22uri%22%3A%7B%22%24mid%22%3A1%2C%22fsPath%22%3A%22%2Fhome%2Friccardo%2F.config%2FCode%2FUser%2FworkspaceStorage%2Fvscode-chat-images%2Fimage-1764103244359.png%22%2C%22external%22%3A%22file%3A%2F%2F%2Fhome%2Friccardo%2F.config%2FCode%2FUser%2FworkspaceStorage%2Fvscode-chat-images%2Fimage-1764103244359.png%22%2C%22path%22%3A%22%2Fhome%2Friccardo%2F.config%2FCode%2FUser%2FworkspaceStorage%2Fvscode-chat-images%2Fimage-1764103244359.png%22%2C%22scheme%22%3A%22file%22%7D%7D%5D%7D"
  ]
}
java.nio.file.FileSystemNotFoundException: Provider "vscode-chat-code-block" not installed
	at java.base/java.nio.file.Path.of(Path.java:212)
	at java.base/java.nio.file.Paths.get(Paths.java:98)
	at scala.meta.internal.mtags.MtagsEnrichments$XtensionURIMtags.toAbsolutePath(MtagsEnrichments.scala:149)
	at scala.meta.internal.mtags.MtagsEnrichments$XtensionStringMtags.toAbsolutePath(MtagsEnrichments.scala:209)
	at scala.meta.internal.metals.MetalsEnrichments$XtensionString.toAbsolutePath(MetalsEnrichments.scala:796)
	at scala.meta.internal.metals.MetalsEnrichments$XtensionString.toAbsolutePath(MetalsEnrichments.scala:793)
	at scala.meta.internal.metals.WorkspaceLspService.didFocus(WorkspaceLspService.scala:786)
	at scala.meta.metals.lsp.DelegatingScalaService.didFocus(DelegatingScalaService.scala:42)
	at java.base/jdk.internal.reflect.NativeMethodAccessorImpl.invoke0(Native Method)
	at java.base/jdk.internal.reflect.NativeMethodAccessorImpl.invoke(NativeMethodAccessorImpl.java:77)
	at java.base/jdk.internal.reflect.DelegatingMethodAccessorImpl.invoke(DelegatingMethodAccessorImpl.java:43)
	at java.base/java.lang.reflect.Method.invoke(Method.java:569)
	at org.eclipse.lsp4j.jsonrpc.services.GenericEndpoint.lambda$recursiveFindRpcMethods$0(GenericEndpoint.java:65)
	at org.eclipse.lsp4j.jsonrpc.services.GenericEndpoint.notify(GenericEndpoint.java:160)
	at org.eclipse.lsp4j.jsonrpc.RemoteEndpoint.handleNotification(RemoteEndpoint.java:231)
	at org.eclipse.lsp4j.jsonrpc.RemoteEndpoint.consume(RemoteEndpoint.java:198)
	at org.eclipse.lsp4j.jsonrpc.json.StreamMessageProducer.handleMessage(StreamMessageProducer.java:185)
	at org.eclipse.lsp4j.jsonrpc.json.StreamMessageProducer.listen(StreamMessageProducer.java:97)
	at org.eclipse.lsp4j.jsonrpc.json.ConcurrentMessageProcessor.run(ConcurrentMessageProcessor.java:114)
	at java.base/java.util.concurrent.Executors$RunnableAdapter.call(Executors.java:539)
	at java.base/java.util.concurrent.FutureTask.run(FutureTask.java:264)
	at java.base/java.util.concurrent.ThreadPoolExecutor.runWorker(ThreadPoolExecutor.java:1136)
	at java.base/java.util.concurrent.ThreadPoolExecutor$Worker.run(ThreadPoolExecutor.java:635)
	at java.base/java.lang.Thread.run(Thread.java:840)

nov 26, 2025 11:16:22 AM org.eclipse.lsp4j.jsonrpc.RemoteEndpoint handleNotification
AVVERTENZA: Notification threw an exception: {
  "jsonrpc": "2.0",
  "method": "metals/didFocusTextDocument",
  "params": [
    "vscode-chat-code-block://dnnjb2rllwnoyxqtc2vzc2lvbjovl2xvy2fsl1kysmlzakk0wvdjdflutmxpuzawwvrzd0xuz3pzamn0wvroall6tmxav00ywmpbmg/response_1143462f-7fc0-453a-8d34-6e8408b5ff53/0#%7B%22references%22%3A%5B%7B%22uri%22%3A%7B%22%24mid%22%3A1%2C%22fsPath%22%3A%22%2Fhome%2Friccardo%2FDocumenti%2Fspark%2Fsrc%2Fmain%2Fscala%2FsparkPratica%2Frdd_Oggetto.scala%22%2C%22external%22%3A%22file%3A%2F%2F%2Fhome%2Friccardo%2FDocumenti%2Fspark%2Fsrc%2Fmain%2Fscala%2FsparkPratica%2Frdd_Oggetto.scala%22%2C%22path%22%3A%22%2Fhome%2Friccardo%2FDocumenti%2Fspark%2Fsrc%2Fmain%2Fscala%2FsparkPratica%2Frdd_Oggetto.scala%22%2C%22scheme%22%3A%22file%22%7D%7D%2C%7B%22uri%22%3A%7B%22%24mid%22%3A1%2C%22fsPath%22%3A%22%2Fhome%2Friccardo%2F.config%2FCode%2FUser%2FworkspaceStorage%2Fvscode-chat-images%2Fimage-1764148607993.png%22%2C%22external%22%3A%22file%3A%2F%2F%2Fhome%2Friccardo%2F.config%2FCode%2FUser%2FworkspaceStorage%2Fvscode-chat-images%2Fimage-1764148607993.png%22%2C%22path%22%3A%22%2Fhome%2Friccardo%2F.config%2FCode%2FUser%2FworkspaceStorage%2Fvscode-chat-images%2Fimage-1764148607993.png%22%2C%22scheme%22%3A%22file%22%7D%7D%5D%7D"
  ]
}
java.nio.file.FileSystemNotFoundException: Provider "vscode-chat-code-block" not installed
	at java.base/java.nio.file.Path.of(Path.java:212)
	at java.base/java.nio.file.Paths.get(Paths.java:98)
	at scala.meta.internal.mtags.MtagsEnrichments$XtensionURIMtags.toAbsolutePath(MtagsEnrichments.scala:149)
	at scala.meta.internal.mtags.MtagsEnrichments$XtensionStringMtags.toAbsolutePath(MtagsEnrichments.scala:209)
	at scala.meta.internal.metals.MetalsEnrichments$XtensionString.toAbsolutePath(MetalsEnrichments.scala:796)
	at scala.meta.internal.metals.MetalsEnrichments$XtensionString.toAbsolutePath(MetalsEnrichments.scala:793)
	at scala.meta.internal.metals.WorkspaceLspService.didFocus(WorkspaceLspService.scala:786)
	at scala.meta.metals.lsp.DelegatingScalaService.didFocus(DelegatingScalaService.scala:42)
	at java.base/jdk.internal.reflect.NativeMethodAccessorImpl.invoke0(Native Method)
	at java.base/jdk.internal.reflect.NativeMethodAccessorImpl.invoke(NativeMethodAccessorImpl.java:77)
	at java.base/jdk.internal.reflect.DelegatingMethodAccessorImpl.invoke(DelegatingMethodAccessorImpl.java:43)
	at java.base/java.lang.reflect.Method.invoke(Method.java:569)
	at org.eclipse.lsp4j.jsonrpc.services.GenericEndpoint.lambda$recursiveFindRpcMethods$0(GenericEndpoint.java:65)
	at org.eclipse.lsp4j.jsonrpc.services.GenericEndpoint.notify(GenericEndpoint.java:160)
	at org.eclipse.lsp4j.jsonrpc.RemoteEndpoint.handleNotification(RemoteEndpoint.java:231)
	at org.eclipse.lsp4j.jsonrpc.RemoteEndpoint.consume(RemoteEndpoint.java:198)
	at org.eclipse.lsp4j.jsonrpc.json.StreamMessageProducer.handleMessage(StreamMessageProducer.java:185)
	at org.eclipse.lsp4j.jsonrpc.json.StreamMessageProducer.listen(StreamMessageProducer.java:97)
	at org.eclipse.lsp4j.jsonrpc.json.ConcurrentMessageProcessor.run(ConcurrentMessageProcessor.java:114)
	at java.base/java.util.concurrent.Executors$RunnableAdapter.call(Executors.java:539)
	at java.base/java.util.concurrent.FutureTask.run(FutureTask.java:264)
	at java.base/java.util.concurrent.ThreadPoolExecutor.runWorker(ThreadPoolExecutor.java:1136)
	at java.base/java.util.concurrent.ThreadPoolExecutor$Worker.run(ThreadPoolExecutor.java:635)
	at java.base/java.lang.Thread.run(Thread.java:840)

nov 26, 2025 11:54:06 AM org.eclipse.lsp4j.jsonrpc.RemoteEndpoint handleNotification
AVVERTENZA: Notification threw an exception: {
  "jsonrpc": "2.0",
  "method": "metals/didFocusTextDocument",
  "params": [
    "vscode-chat-code-block://dnnjb2rllwnoyxqtc2vzc2lvbjovl2xvy2fsl1kysmlzakk0wvdjdflutmxpuzawwvrzd0xuz3pzamn0wvroall6tmxav00ywmpbmg/response_50eda827-8e80-4a71-b372-b1a472eff8bd/3#%7B%22references%22%3A%5B%5D%7D"
  ]
}
java.nio.file.FileSystemNotFoundException: Provider "vscode-chat-code-block" not installed
	at java.base/java.nio.file.Path.of(Path.java:212)
	at java.base/java.nio.file.Paths.get(Paths.java:98)
	at scala.meta.internal.mtags.MtagsEnrichments$XtensionURIMtags.toAbsolutePath(MtagsEnrichments.scala:149)
	at scala.meta.internal.mtags.MtagsEnrichments$XtensionStringMtags.toAbsolutePath(MtagsEnrichments.scala:209)
	at scala.meta.internal.metals.MetalsEnrichments$XtensionString.toAbsolutePath(MetalsEnrichments.scala:796)
	at scala.meta.internal.metals.MetalsEnrichments$XtensionString.toAbsolutePath(MetalsEnrichments.scala:793)
	at scala.meta.internal.metals.WorkspaceLspService.didFocus(WorkspaceLspService.scala:786)
	at scala.meta.metals.lsp.DelegatingScalaService.didFocus(DelegatingScalaService.scala:42)
	at java.base/jdk.internal.reflect.NativeMethodAccessorImpl.invoke0(Native Method)
	at java.base/jdk.internal.reflect.NativeMethodAccessorImpl.invoke(NativeMethodAccessorImpl.java:77)
	at java.base/jdk.internal.reflect.DelegatingMethodAccessorImpl.invoke(DelegatingMethodAccessorImpl.java:43)
	at java.base/java.lang.reflect.Method.invoke(Method.java:569)
	at org.eclipse.lsp4j.jsonrpc.services.GenericEndpoint.lambda$recursiveFindRpcMethods$0(GenericEndpoint.java:65)
	at org.eclipse.lsp4j.jsonrpc.services.GenericEndpoint.notify(GenericEndpoint.java:160)
	at org.eclipse.lsp4j.jsonrpc.RemoteEndpoint.handleNotification(RemoteEndpoint.java:231)
	at org.eclipse.lsp4j.jsonrpc.RemoteEndpoint.consume(RemoteEndpoint.java:198)
	at org.eclipse.lsp4j.jsonrpc.json.StreamMessageProducer.handleMessage(StreamMessageProducer.java:185)
	at org.eclipse.lsp4j.jsonrpc.json.StreamMessageProducer.listen(StreamMessageProducer.java:97)
	at org.eclipse.lsp4j.jsonrpc.json.ConcurrentMessageProcessor.run(ConcurrentMessageProcessor.java:114)
	at java.base/java.util.concurrent.Executors$RunnableAdapter.call(Executors.java:539)
	at java.base/java.util.concurrent.FutureTask.run(FutureTask.java:264)
	at java.base/java.util.concurrent.ThreadPoolExecutor.runWorker(ThreadPoolExecutor.java:1136)
	at java.base/java.util.concurrent.ThreadPoolExecutor$Worker.run(ThreadPoolExecutor.java:635)
	at java.base/java.lang.Thread.run(Thread.java:840)

nov 26, 2025 11:54:06 AM org.eclipse.lsp4j.jsonrpc.RemoteEndpoint handleNotification
AVVERTENZA: Notification threw an exception: {
  "jsonrpc": "2.0",
  "method": "metals/didFocusTextDocument",
  "params": [
    "vscode-chat-code-block://dnnjb2rllwnoyxqtc2vzc2lvbjovl2xvy2fsl1kysmlzakk0wvdjdflutmxpuzawwvrzd0xuz3pzamn0wvroall6tmxav00ywmpbmg/response_6059b8fe-0d33-43d1-99f9-3c1e7db05bba/0#%7B%22references%22%3A%5B%7B%22uri%22%3A%7B%22%24mid%22%3A1%2C%22fsPath%22%3A%22%2Fhome%2Friccardo%2F.config%2FCode%2FUser%2FworkspaceStorage%2Fvscode-chat-images%2Fimage-1764092153872.png%22%2C%22external%22%3A%22file%3A%2F%2F%2Fhome%2Friccardo%2F.config%2FCode%2FUser%2FworkspaceStorage%2Fvscode-chat-images%2Fimage-1764092153872.png%22%2C%22path%22%3A%22%2Fhome%2Friccardo%2F.config%2FCode%2FUser%2FworkspaceStorage%2Fvscode-chat-images%2Fimage-1764092153872.png%22%2C%22scheme%22%3A%22file%22%7D%7D%5D%7D"
  ]
}
java.nio.file.FileSystemNotFoundException: Provider "vscode-chat-code-block" not installed
	at java.base/java.nio.file.Path.of(Path.java:212)
	at java.base/java.nio.file.Paths.get(Paths.java:98)
	at scala.meta.internal.mtags.MtagsEnrichments$XtensionURIMtags.toAbsolutePath(MtagsEnrichments.scala:149)
	at scala.meta.internal.mtags.MtagsEnrichments$XtensionStringMtags.toAbsolutePath(MtagsEnrichments.scala:209)
	at scala.meta.internal.metals.MetalsEnrichments$XtensionString.toAbsolutePath(MetalsEnrichments.scala:796)
	at scala.meta.internal.metals.MetalsEnrichments$XtensionString.toAbsolutePath(MetalsEnrichments.scala:793)
	at scala.meta.internal.metals.WorkspaceLspService.didFocus(WorkspaceLspService.scala:786)
	at scala.meta.metals.lsp.DelegatingScalaService.didFocus(DelegatingScalaService.scala:42)
	at java.base/jdk.internal.reflect.NativeMethodAccessorImpl.invoke0(Native Method)
	at java.base/jdk.internal.reflect.NativeMethodAccessorImpl.invoke(NativeMethodAccessorImpl.java:77)
	at java.base/jdk.internal.reflect.DelegatingMethodAccessorImpl.invoke(DelegatingMethodAccessorImpl.java:43)
	at java.base/java.lang.reflect.Method.invoke(Method.java:569)
	at org.eclipse.lsp4j.jsonrpc.services.GenericEndpoint.lambda$recursiveFindRpcMethods$0(GenericEndpoint.java:65)
	at org.eclipse.lsp4j.jsonrpc.services.GenericEndpoint.notify(GenericEndpoint.java:160)
	at org.eclipse.lsp4j.jsonrpc.RemoteEndpoint.handleNotification(RemoteEndpoint.java:231)
	at org.eclipse.lsp4j.jsonrpc.RemoteEndpoint.consume(RemoteEndpoint.java:198)
	at org.eclipse.lsp4j.jsonrpc.json.StreamMessageProducer.handleMessage(StreamMessageProducer.java:185)
	at org.eclipse.lsp4j.jsonrpc.json.StreamMessageProducer.listen(StreamMessageProducer.java:97)
	at org.eclipse.lsp4j.jsonrpc.json.ConcurrentMessageProcessor.run(ConcurrentMessageProcessor.java:114)
	at java.base/java.util.concurrent.Executors$RunnableAdapter.call(Executors.java:539)
	at java.base/java.util.concurrent.FutureTask.run(FutureTask.java:264)
	at java.base/java.util.concurrent.ThreadPoolExecutor.runWorker(ThreadPoolExecutor.java:1136)
	at java.base/java.util.concurrent.ThreadPoolExecutor$Worker.run(ThreadPoolExecutor.java:635)
	at java.base/java.lang.Thread.run(Thread.java:840)

nov 26, 2025 11:54:06 AM org.eclipse.lsp4j.jsonrpc.RemoteEndpoint handleNotification
AVVERTENZA: Notification threw an exception: {
  "jsonrpc": "2.0",
  "method": "metals/didFocusTextDocument",
  "params": [
    "vscode-chat-code-block://dnnjb2rllwnoyxqtc2vzc2lvbjovl2xvy2fsl1kysmlzakk0wvdjdflutmxpuzawwvrzd0xuz3pzamn0wvroall6tmxav00ywmpbmg/response_873087d7-a59d-4f9a-955a-8b9fdd95040e/0#%7B%22references%22%3A%5B%7B%22uri%22%3A%7B%22%24mid%22%3A1%2C%22fsPath%22%3A%22%2Fhome%2Friccardo%2FDocumenti%2Fspark%2Fsrc%2Fmain%2Fscala%2FsparkPratica%2Frdd_Oggetto.scala%22%2C%22external%22%3A%22file%3A%2F%2F%2Fhome%2Friccardo%2FDocumenti%2Fspark%2Fsrc%2Fmain%2Fscala%2FsparkPratica%2Frdd_Oggetto.scala%22%2C%22path%22%3A%22%2Fhome%2Friccardo%2FDocumenti%2Fspark%2Fsrc%2Fmain%2Fscala%2FsparkPratica%2Frdd_Oggetto.scala%22%2C%22scheme%22%3A%22file%22%7D%7D%2C%7B%22uri%22%3A%7B%22%24mid%22%3A1%2C%22fsPath%22%3A%22%2Fhome%2Friccardo%2F.config%2FCode%2FUser%2FworkspaceStorage%2Fvscode-chat-images%2Fimage-1764103244359.png%22%2C%22external%22%3A%22file%3A%2F%2F%2Fhome%2Friccardo%2F.config%2FCode%2FUser%2FworkspaceStorage%2Fvscode-chat-images%2Fimage-1764103244359.png%22%2C%22path%22%3A%22%2Fhome%2Friccardo%2F.config%2FCode%2FUser%2FworkspaceStorage%2Fvscode-chat-images%2Fimage-1764103244359.png%22%2C%22scheme%22%3A%22file%22%7D%7D%5D%7D"
  ]
}
java.nio.file.FileSystemNotFoundException: Provider "vscode-chat-code-block" not installed
	at java.base/java.nio.file.Path.of(Path.java:212)
	at java.base/java.nio.file.Paths.get(Paths.java:98)
	at scala.meta.internal.mtags.MtagsEnrichments$XtensionURIMtags.toAbsolutePath(MtagsEnrichments.scala:149)
	at scala.meta.internal.mtags.MtagsEnrichments$XtensionStringMtags.toAbsolutePath(MtagsEnrichments.scala:209)
	at scala.meta.internal.metals.MetalsEnrichments$XtensionString.toAbsolutePath(MetalsEnrichments.scala:796)
	at scala.meta.internal.metals.MetalsEnrichments$XtensionString.toAbsolutePath(MetalsEnrichments.scala:793)
	at scala.meta.internal.metals.WorkspaceLspService.didFocus(WorkspaceLspService.scala:786)
	at scala.meta.metals.lsp.DelegatingScalaService.didFocus(DelegatingScalaService.scala:42)
	at java.base/jdk.internal.reflect.NativeMethodAccessorImpl.invoke0(Native Method)
	at java.base/jdk.internal.reflect.NativeMethodAccessorImpl.invoke(NativeMethodAccessorImpl.java:77)
	at java.base/jdk.internal.reflect.DelegatingMethodAccessorImpl.invoke(DelegatingMethodAccessorImpl.java:43)
	at java.base/java.lang.reflect.Method.invoke(Method.java:569)
	at org.eclipse.lsp4j.jsonrpc.services.GenericEndpoint.lambda$recursiveFindRpcMethods$0(GenericEndpoint.java:65)
	at org.eclipse.lsp4j.jsonrpc.services.GenericEndpoint.notify(GenericEndpoint.java:160)
	at org.eclipse.lsp4j.jsonrpc.RemoteEndpoint.handleNotification(RemoteEndpoint.java:231)
	at org.eclipse.lsp4j.jsonrpc.RemoteEndpoint.consume(RemoteEndpoint.java:198)
	at org.eclipse.lsp4j.jsonrpc.json.StreamMessageProducer.handleMessage(StreamMessageProducer.java:185)
	at org.eclipse.lsp4j.jsonrpc.json.StreamMessageProducer.listen(StreamMessageProducer.java:97)
	at org.eclipse.lsp4j.jsonrpc.json.ConcurrentMessageProcessor.run(ConcurrentMessageProcessor.java:114)
	at java.base/java.util.concurrent.Executors$RunnableAdapter.call(Executors.java:539)
	at java.base/java.util.concurrent.FutureTask.run(FutureTask.java:264)
	at java.base/java.util.concurrent.ThreadPoolExecutor.runWorker(ThreadPoolExecutor.java:1136)
	at java.base/java.util.concurrent.ThreadPoolExecutor$Worker.run(ThreadPoolExecutor.java:635)
	at java.base/java.lang.Thread.run(Thread.java:840)

nov 26, 2025 11:54:06 AM org.eclipse.lsp4j.jsonrpc.RemoteEndpoint handleNotification
AVVERTENZA: Notification threw an exception: {
  "jsonrpc": "2.0",
  "method": "metals/didFocusTextDocument",
  "params": [
    "vscode-chat-code-block://dnnjb2rllwnoyxqtc2vzc2lvbjovl2xvy2fsl1kysmlzakk0wvdjdflutmxpuzawwvrzd0xuz3pzamn0wvroall6tmxav00ywmpbmg/response_f51514b8-aa14-46b3-b4df-8a516fbc40d8/0#%7B%22references%22%3A%5B%7B%22uri%22%3A%7B%22%24mid%22%3A1%2C%22fsPath%22%3A%22%2Fhome%2Friccardo%2FDocumenti%2Fspark%2Fsrc%2Fmain%2Fscala%2FsparkPratica%2Frdd_Oggetto.scala%22%2C%22external%22%3A%22file%3A%2F%2F%2Fhome%2Friccardo%2FDocumenti%2Fspark%2Fsrc%2Fmain%2Fscala%2FsparkPratica%2Frdd_Oggetto.scala%22%2C%22path%22%3A%22%2Fhome%2Friccardo%2FDocumenti%2Fspark%2Fsrc%2Fmain%2Fscala%2FsparkPratica%2Frdd_Oggetto.scala%22%2C%22scheme%22%3A%22file%22%7D%7D%2C%7B%22uri%22%3A%7B%22%24mid%22%3A1%2C%22fsPath%22%3A%22%2Fhome%2Friccardo%2F.config%2FCode%2FUser%2FworkspaceStorage%2Fvscode-chat-images%2Fimage-1764103244359.png%22%2C%22external%22%3A%22file%3A%2F%2F%2Fhome%2Friccardo%2F.config%2FCode%2FUser%2FworkspaceStorage%2Fvscode-chat-images%2Fimage-1764103244359.png%22%2C%22path%22%3A%22%2Fhome%2Friccardo%2F.config%2FCode%2FUser%2FworkspaceStorage%2Fvscode-chat-images%2Fimage-1764103244359.png%22%2C%22scheme%22%3A%22file%22%7D%7D%5D%7D"
  ]
}
java.nio.file.FileSystemNotFoundException: Provider "vscode-chat-code-block" not installed
	at java.base/java.nio.file.Path.of(Path.java:212)
	at java.base/java.nio.file.Paths.get(Paths.java:98)
	at scala.meta.internal.mtags.MtagsEnrichments$XtensionURIMtags.toAbsolutePath(MtagsEnrichments.scala:149)
	at scala.meta.internal.mtags.MtagsEnrichments$XtensionStringMtags.toAbsolutePath(MtagsEnrichments.scala:209)
	at scala.meta.internal.metals.MetalsEnrichments$XtensionString.toAbsolutePath(MetalsEnrichments.scala:796)
	at scala.meta.internal.metals.MetalsEnrichments$XtensionString.toAbsolutePath(MetalsEnrichments.scala:793)
	at scala.meta.internal.metals.WorkspaceLspService.didFocus(WorkspaceLspService.scala:786)
	at scala.meta.metals.lsp.DelegatingScalaService.didFocus(DelegatingScalaService.scala:42)
	at java.base/jdk.internal.reflect.NativeMethodAccessorImpl.invoke0(Native Method)
	at java.base/jdk.internal.reflect.NativeMethodAccessorImpl.invoke(NativeMethodAccessorImpl.java:77)
	at java.base/jdk.internal.reflect.DelegatingMethodAccessorImpl.invoke(DelegatingMethodAccessorImpl.java:43)
	at java.base/java.lang.reflect.Method.invoke(Method.java:569)
	at org.eclipse.lsp4j.jsonrpc.services.GenericEndpoint.lambda$recursiveFindRpcMethods$0(GenericEndpoint.java:65)
	at org.eclipse.lsp4j.jsonrpc.services.GenericEndpoint.notify(GenericEndpoint.java:160)
	at org.eclipse.lsp4j.jsonrpc.RemoteEndpoint.handleNotification(RemoteEndpoint.java:231)
	at org.eclipse.lsp4j.jsonrpc.RemoteEndpoint.consume(RemoteEndpoint.java:198)
	at org.eclipse.lsp4j.jsonrpc.json.StreamMessageProducer.handleMessage(StreamMessageProducer.java:185)
	at org.eclipse.lsp4j.jsonrpc.json.StreamMessageProducer.listen(StreamMessageProducer.java:97)
	at org.eclipse.lsp4j.jsonrpc.json.ConcurrentMessageProcessor.run(ConcurrentMessageProcessor.java:114)
	at java.base/java.util.concurrent.Executors$RunnableAdapter.call(Executors.java:539)
	at java.base/java.util.concurrent.FutureTask.run(FutureTask.java:264)
	at java.base/java.util.concurrent.ThreadPoolExecutor.runWorker(ThreadPoolExecutor.java:1136)
	at java.base/java.util.concurrent.ThreadPoolExecutor$Worker.run(ThreadPoolExecutor.java:635)
	at java.base/java.lang.Thread.run(Thread.java:840)

2025.11.26 12:28:16 INFO  compiling spark (1 scala source)
2025.11.26 12:28:16 INFO  time: compiled spark in 0.41s
nov 26, 2025 12:39:49 PM org.eclipse.lsp4j.jsonrpc.RemoteEndpoint handleNotification
AVVERTENZA: Notification threw an exception: {
  "jsonrpc": "2.0",
  "method": "metals/didFocusTextDocument",
  "params": [
    "vscode-chat-code-block://dnnjb2rllwnoyxqtc2vzc2lvbjovl2xvy2fsl1kysmlzakk0wvdjdflutmxpuzawwvrzd0xuz3pzamn0wvroall6tmxav00ywmpbmg/response_50eda827-8e80-4a71-b372-b1a472eff8bd/3#%7B%22references%22%3A%5B%5D%7D"
  ]
}
java.nio.file.FileSystemNotFoundException: Provider "vscode-chat-code-block" not installed
	at java.base/java.nio.file.Path.of(Path.java:212)
	at java.base/java.nio.file.Paths.get(Paths.java:98)
	at scala.meta.internal.mtags.MtagsEnrichments$XtensionURIMtags.toAbsolutePath(MtagsEnrichments.scala:149)
	at scala.meta.internal.mtags.MtagsEnrichments$XtensionStringMtags.toAbsolutePath(MtagsEnrichments.scala:209)
	at scala.meta.internal.metals.MetalsEnrichments$XtensionString.toAbsolutePath(MetalsEnrichments.scala:796)
	at scala.meta.internal.metals.MetalsEnrichments$XtensionString.toAbsolutePath(MetalsEnrichments.scala:793)
	at scala.meta.internal.metals.WorkspaceLspService.didFocus(WorkspaceLspService.scala:786)
	at scala.meta.metals.lsp.DelegatingScalaService.didFocus(DelegatingScalaService.scala:42)
	at java.base/jdk.internal.reflect.NativeMethodAccessorImpl.invoke0(Native Method)
	at java.base/jdk.internal.reflect.NativeMethodAccessorImpl.invoke(NativeMethodAccessorImpl.java:77)
	at java.base/jdk.internal.reflect.DelegatingMethodAccessorImpl.invoke(DelegatingMethodAccessorImpl.java:43)
	at java.base/java.lang.reflect.Method.invoke(Method.java:569)
	at org.eclipse.lsp4j.jsonrpc.services.GenericEndpoint.lambda$recursiveFindRpcMethods$0(GenericEndpoint.java:65)
	at org.eclipse.lsp4j.jsonrpc.services.GenericEndpoint.notify(GenericEndpoint.java:160)
	at org.eclipse.lsp4j.jsonrpc.RemoteEndpoint.handleNotification(RemoteEndpoint.java:231)
	at org.eclipse.lsp4j.jsonrpc.RemoteEndpoint.consume(RemoteEndpoint.java:198)
	at org.eclipse.lsp4j.jsonrpc.json.StreamMessageProducer.handleMessage(StreamMessageProducer.java:185)
	at org.eclipse.lsp4j.jsonrpc.json.StreamMessageProducer.listen(StreamMessageProducer.java:97)
	at org.eclipse.lsp4j.jsonrpc.json.ConcurrentMessageProcessor.run(ConcurrentMessageProcessor.java:114)
	at java.base/java.util.concurrent.Executors$RunnableAdapter.call(Executors.java:539)
	at java.base/java.util.concurrent.FutureTask.run(FutureTask.java:264)
	at java.base/java.util.concurrent.ThreadPoolExecutor.runWorker(ThreadPoolExecutor.java:1136)
	at java.base/java.util.concurrent.ThreadPoolExecutor$Worker.run(ThreadPoolExecutor.java:635)
	at java.base/java.lang.Thread.run(Thread.java:840)

nov 26, 2025 12:39:49 PM org.eclipse.lsp4j.jsonrpc.RemoteEndpoint handleNotification
AVVERTENZA: Notification threw an exception: {
  "jsonrpc": "2.0",
  "method": "metals/didFocusTextDocument",
  "params": [
    "vscode-chat-code-block://dnnjb2rllwnoyxqtc2vzc2lvbjovl2xvy2fsl1kysmlzakk0wvdjdflutmxpuzawwvrzd0xuz3pzamn0wvroall6tmxav00ywmpbmg/response_6059b8fe-0d33-43d1-99f9-3c1e7db05bba/0#%7B%22references%22%3A%5B%7B%22uri%22%3A%7B%22%24mid%22%3A1%2C%22fsPath%22%3A%22%2Fhome%2Friccardo%2F.config%2FCode%2FUser%2FworkspaceStorage%2Fvscode-chat-images%2Fimage-1764092153872.png%22%2C%22external%22%3A%22file%3A%2F%2F%2Fhome%2Friccardo%2F.config%2FCode%2FUser%2FworkspaceStorage%2Fvscode-chat-images%2Fimage-1764092153872.png%22%2C%22path%22%3A%22%2Fhome%2Friccardo%2F.config%2FCode%2FUser%2FworkspaceStorage%2Fvscode-chat-images%2Fimage-1764092153872.png%22%2C%22scheme%22%3A%22file%22%7D%7D%5D%7D"
  ]
}
java.nio.file.FileSystemNotFoundException: Provider "vscode-chat-code-block" not installed
	at java.base/java.nio.file.Path.of(Path.java:212)
	at java.base/java.nio.file.Paths.get(Paths.java:98)
	at scala.meta.internal.mtags.MtagsEnrichments$XtensionURIMtags.toAbsolutePath(MtagsEnrichments.scala:149)
	at scala.meta.internal.mtags.MtagsEnrichments$XtensionStringMtags.toAbsolutePath(MtagsEnrichments.scala:209)
	at scala.meta.internal.metals.MetalsEnrichments$XtensionString.toAbsolutePath(MetalsEnrichments.scala:796)
	at scala.meta.internal.metals.MetalsEnrichments$XtensionString.toAbsolutePath(MetalsEnrichments.scala:793)
	at scala.meta.internal.metals.WorkspaceLspService.didFocus(WorkspaceLspService.scala:786)
	at scala.meta.metals.lsp.DelegatingScalaService.didFocus(DelegatingScalaService.scala:42)
	at java.base/jdk.internal.reflect.NativeMethodAccessorImpl.invoke0(Native Method)
	at java.base/jdk.internal.reflect.NativeMethodAccessorImpl.invoke(NativeMethodAccessorImpl.java:77)
	at java.base/jdk.internal.reflect.DelegatingMethodAccessorImpl.invoke(DelegatingMethodAccessorImpl.java:43)
	at java.base/java.lang.reflect.Method.invoke(Method.java:569)
	at org.eclipse.lsp4j.jsonrpc.services.GenericEndpoint.lambda$recursiveFindRpcMethods$0(GenericEndpoint.java:65)
	at org.eclipse.lsp4j.jsonrpc.services.GenericEndpoint.notify(GenericEndpoint.java:160)
	at org.eclipse.lsp4j.jsonrpc.RemoteEndpoint.handleNotification(RemoteEndpoint.java:231)
	at org.eclipse.lsp4j.jsonrpc.RemoteEndpoint.consume(RemoteEndpoint.java:198)
	at org.eclipse.lsp4j.jsonrpc.json.StreamMessageProducer.handleMessage(StreamMessageProducer.java:185)
	at org.eclipse.lsp4j.jsonrpc.json.StreamMessageProducer.listen(StreamMessageProducer.java:97)
	at org.eclipse.lsp4j.jsonrpc.json.ConcurrentMessageProcessor.run(ConcurrentMessageProcessor.java:114)
	at java.base/java.util.concurrent.Executors$RunnableAdapter.call(Executors.java:539)
	at java.base/java.util.concurrent.FutureTask.run(FutureTask.java:264)
	at java.base/java.util.concurrent.ThreadPoolExecutor.runWorker(ThreadPoolExecutor.java:1136)
	at java.base/java.util.concurrent.ThreadPoolExecutor$Worker.run(ThreadPoolExecutor.java:635)
	at java.base/java.lang.Thread.run(Thread.java:840)

nov 26, 2025 12:39:49 PM org.eclipse.lsp4j.jsonrpc.RemoteEndpoint handleNotification
AVVERTENZA: Notification threw an exception: {
  "jsonrpc": "2.0",
  "method": "metals/didFocusTextDocument",
  "params": [
    "vscode-chat-code-block://dnnjb2rllwnoyxqtc2vzc2lvbjovl2xvy2fsl1kysmlzakk0wvdjdflutmxpuzawwvrzd0xuz3pzamn0wvroall6tmxav00ywmpbmg/response_f51514b8-aa14-46b3-b4df-8a516fbc40d8/0#%7B%22references%22%3A%5B%7B%22uri%22%3A%7B%22%24mid%22%3A1%2C%22fsPath%22%3A%22%2Fhome%2Friccardo%2FDocumenti%2Fspark%2Fsrc%2Fmain%2Fscala%2FsparkPratica%2Frdd_Oggetto.scala%22%2C%22external%22%3A%22file%3A%2F%2F%2Fhome%2Friccardo%2FDocumenti%2Fspark%2Fsrc%2Fmain%2Fscala%2FsparkPratica%2Frdd_Oggetto.scala%22%2C%22path%22%3A%22%2Fhome%2Friccardo%2FDocumenti%2Fspark%2Fsrc%2Fmain%2Fscala%2FsparkPratica%2Frdd_Oggetto.scala%22%2C%22scheme%22%3A%22file%22%7D%7D%2C%7B%22uri%22%3A%7B%22%24mid%22%3A1%2C%22fsPath%22%3A%22%2Fhome%2Friccardo%2F.config%2FCode%2FUser%2FworkspaceStorage%2Fvscode-chat-images%2Fimage-1764103244359.png%22%2C%22external%22%3A%22file%3A%2F%2F%2Fhome%2Friccardo%2F.config%2FCode%2FUser%2FworkspaceStorage%2Fvscode-chat-images%2Fimage-1764103244359.png%22%2C%22path%22%3A%22%2Fhome%2Friccardo%2F.config%2FCode%2FUser%2FworkspaceStorage%2Fvscode-chat-images%2Fimage-1764103244359.png%22%2C%22scheme%22%3A%22file%22%7D%7D%5D%7D"
  ]
}
java.nio.file.FileSystemNotFoundException: Provider "vscode-chat-code-block" not installed
	at java.base/java.nio.file.Path.of(Path.java:212)
	at java.base/java.nio.file.Paths.get(Paths.java:98)
	at scala.meta.internal.mtags.MtagsEnrichments$XtensionURIMtags.toAbsolutePath(MtagsEnrichments.scala:149)
	at scala.meta.internal.mtags.MtagsEnrichments$XtensionStringMtags.toAbsolutePath(MtagsEnrichments.scala:209)
	at scala.meta.internal.metals.MetalsEnrichments$XtensionString.toAbsolutePath(MetalsEnrichments.scala:796)
	at scala.meta.internal.metals.MetalsEnrichments$XtensionString.toAbsolutePath(MetalsEnrichments.scala:793)
	at scala.meta.internal.metals.WorkspaceLspService.didFocus(WorkspaceLspService.scala:786)
	at scala.meta.metals.lsp.DelegatingScalaService.didFocus(DelegatingScalaService.scala:42)
	at java.base/jdk.internal.reflect.NativeMethodAccessorImpl.invoke0(Native Method)
	at java.base/jdk.internal.reflect.NativeMethodAccessorImpl.invoke(NativeMethodAccessorImpl.java:77)
	at java.base/jdk.internal.reflect.DelegatingMethodAccessorImpl.invoke(DelegatingMethodAccessorImpl.java:43)
	at java.base/java.lang.reflect.Method.invoke(Method.java:569)
	at org.eclipse.lsp4j.jsonrpc.services.GenericEndpoint.lambda$recursiveFindRpcMethods$0(GenericEndpoint.java:65)
	at org.eclipse.lsp4j.jsonrpc.services.GenericEndpoint.notify(GenericEndpoint.java:160)
	at org.eclipse.lsp4j.jsonrpc.RemoteEndpoint.handleNotification(RemoteEndpoint.java:231)
	at org.eclipse.lsp4j.jsonrpc.RemoteEndpoint.consume(RemoteEndpoint.java:198)
	at org.eclipse.lsp4j.jsonrpc.json.StreamMessageProducer.handleMessage(StreamMessageProducer.java:185)
	at org.eclipse.lsp4j.jsonrpc.json.StreamMessageProducer.listen(StreamMessageProducer.java:97)
	at org.eclipse.lsp4j.jsonrpc.json.ConcurrentMessageProcessor.run(ConcurrentMessageProcessor.java:114)
	at java.base/java.util.concurrent.Executors$RunnableAdapter.call(Executors.java:539)
	at java.base/java.util.concurrent.FutureTask.run(FutureTask.java:264)
	at java.base/java.util.concurrent.ThreadPoolExecutor.runWorker(ThreadPoolExecutor.java:1136)
	at java.base/java.util.concurrent.ThreadPoolExecutor$Worker.run(ThreadPoolExecutor.java:635)
	at java.base/java.lang.Thread.run(Thread.java:840)

2025.11.26 12:57:19 INFO  compiling spark (1 scala source)
2025.11.26 12:57:19 INFO  time: compiled spark in 0.41s
nov 26, 2025 2:38:32 PM org.eclipse.lsp4j.jsonrpc.services.GenericEndpoint notify
INFORMAZIONI: Unsupported notification method: $/setTrace
nov 26, 2025 2:38:48 PM org.eclipse.lsp4j.jsonrpc.services.GenericEndpoint notify
INFORMAZIONI: Unsupported notification method: $/setTrace
nov 26, 2025 6:46:57 PM org.eclipse.lsp4j.jsonrpc.RemoteEndpoint handleNotification
AVVERTENZA: Notification threw an exception: {
  "jsonrpc": "2.0",
  "method": "metals/didFocusTextDocument",
  "params": [
    "vscode-chat-code-block://dnnjb2rllwnoyxqtc2vzc2lvbjovl2xvy2fsl1kysmlzakk0wvdjdflutmxpuzawwvrzd0xuz3pzamn0wvroall6tmxav00ywmpbmg/response_f958c32e-b818-4f44-be34-bed11d66c632/0#%7B%22references%22%3A%5B%7B%22uri%22%3A%7B%22%24mid%22%3A1%2C%22fsPath%22%3A%22Untitled-2%22%2C%22external%22%3A%22untitled%3AUntitled-2%22%2C%22path%22%3A%22Untitled-2%22%2C%22scheme%22%3A%22untitled%22%7D%7D%2C%7B%22uri%22%3A%7B%22%24mid%22%3A1%2C%22fsPath%22%3A%22%2Fhome%2Friccardo%2F.config%2FCode%2FUser%2FworkspaceStorage%2Fvscode-chat-images%2Fimage-1764148607993.png%22%2C%22external%22%3A%22file%3A%2F%2F%2Fhome%2Friccardo%2F.config%2FCode%2FUser%2FworkspaceStorage%2Fvscode-chat-images%2Fimage-1764148607993.png%22%2C%22path%22%3A%22%2Fhome%2Friccardo%2F.config%2FCode%2FUser%2FworkspaceStorage%2Fvscode-chat-images%2Fimage-1764148607993.png%22%2C%22scheme%22%3A%22file%22%7D%7D%5D%7D"
  ]
}
java.nio.file.FileSystemNotFoundException: Provider "vscode-chat-code-block" not installed
	at java.base/java.nio.file.Path.of(Path.java:212)
	at java.base/java.nio.file.Paths.get(Paths.java:98)
	at scala.meta.internal.mtags.MtagsEnrichments$XtensionURIMtags.toAbsolutePath(MtagsEnrichments.scala:149)
	at scala.meta.internal.mtags.MtagsEnrichments$XtensionStringMtags.toAbsolutePath(MtagsEnrichments.scala:209)
	at scala.meta.internal.metals.MetalsEnrichments$XtensionString.toAbsolutePath(MetalsEnrichments.scala:796)
	at scala.meta.internal.metals.MetalsEnrichments$XtensionString.toAbsolutePath(MetalsEnrichments.scala:793)
	at scala.meta.internal.metals.WorkspaceLspService.didFocus(WorkspaceLspService.scala:786)
	at scala.meta.metals.lsp.DelegatingScalaService.didFocus(DelegatingScalaService.scala:42)
	at jdk.internal.reflect.GeneratedMethodAccessor12.invoke(Unknown Source)
	at java.base/jdk.internal.reflect.DelegatingMethodAccessorImpl.invoke(DelegatingMethodAccessorImpl.java:43)
	at java.base/java.lang.reflect.Method.invoke(Method.java:569)
	at org.eclipse.lsp4j.jsonrpc.services.GenericEndpoint.lambda$recursiveFindRpcMethods$0(GenericEndpoint.java:65)
	at org.eclipse.lsp4j.jsonrpc.services.GenericEndpoint.notify(GenericEndpoint.java:160)
	at org.eclipse.lsp4j.jsonrpc.RemoteEndpoint.handleNotification(RemoteEndpoint.java:231)
	at org.eclipse.lsp4j.jsonrpc.RemoteEndpoint.consume(RemoteEndpoint.java:198)
	at org.eclipse.lsp4j.jsonrpc.json.StreamMessageProducer.handleMessage(StreamMessageProducer.java:185)
	at org.eclipse.lsp4j.jsonrpc.json.StreamMessageProducer.listen(StreamMessageProducer.java:97)
	at org.eclipse.lsp4j.jsonrpc.json.ConcurrentMessageProcessor.run(ConcurrentMessageProcessor.java:114)
	at java.base/java.util.concurrent.Executors$RunnableAdapter.call(Executors.java:539)
	at java.base/java.util.concurrent.FutureTask.run(FutureTask.java:264)
	at java.base/java.util.concurrent.ThreadPoolExecutor.runWorker(ThreadPoolExecutor.java:1136)
	at java.base/java.util.concurrent.ThreadPoolExecutor$Worker.run(ThreadPoolExecutor.java:635)
	at java.base/java.lang.Thread.run(Thread.java:840)

nov 26, 2025 6:47:00 PM org.eclipse.lsp4j.jsonrpc.RemoteEndpoint handleNotification
AVVERTENZA: Notification threw an exception: {
  "jsonrpc": "2.0",
  "method": "metals/didFocusTextDocument",
  "params": [
    "vscode-chat-code-block://dnnjb2rllwnoyxqtc2vzc2lvbjovl2xvy2fsl1kysmlzakk0wvdjdflutmxpuzawwvrzd0xuz3pzamn0wvroall6tmxav00ywmpbmg/response_f958c32e-b818-4f44-be34-bed11d66c632/0#%7B%22references%22%3A%5B%7B%22uri%22%3A%7B%22%24mid%22%3A1%2C%22fsPath%22%3A%22Untitled-2%22%2C%22external%22%3A%22untitled%3AUntitled-2%22%2C%22path%22%3A%22Untitled-2%22%2C%22scheme%22%3A%22untitled%22%7D%7D%2C%7B%22uri%22%3A%7B%22%24mid%22%3A1%2C%22fsPath%22%3A%22%2Fhome%2Friccardo%2F.config%2FCode%2FUser%2FworkspaceStorage%2Fvscode-chat-images%2Fimage-1764148607993.png%22%2C%22external%22%3A%22file%3A%2F%2F%2Fhome%2Friccardo%2F.config%2FCode%2FUser%2FworkspaceStorage%2Fvscode-chat-images%2Fimage-1764148607993.png%22%2C%22path%22%3A%22%2Fhome%2Friccardo%2F.config%2FCode%2FUser%2FworkspaceStorage%2Fvscode-chat-images%2Fimage-1764148607993.png%22%2C%22scheme%22%3A%22file%22%7D%7D%5D%7D"
  ]
}
java.nio.file.FileSystemNotFoundException: Provider "vscode-chat-code-block" not installed
	at java.base/java.nio.file.Path.of(Path.java:212)
	at java.base/java.nio.file.Paths.get(Paths.java:98)
	at scala.meta.internal.mtags.MtagsEnrichments$XtensionURIMtags.toAbsolutePath(MtagsEnrichments.scala:149)
	at scala.meta.internal.mtags.MtagsEnrichments$XtensionStringMtags.toAbsolutePath(MtagsEnrichments.scala:209)
	at scala.meta.internal.metals.MetalsEnrichments$XtensionString.toAbsolutePath(MetalsEnrichments.scala:796)
	at scala.meta.internal.metals.MetalsEnrichments$XtensionString.toAbsolutePath(MetalsEnrichments.scala:793)
	at scala.meta.internal.metals.WorkspaceLspService.didFocus(WorkspaceLspService.scala:786)
	at scala.meta.metals.lsp.DelegatingScalaService.didFocus(DelegatingScalaService.scala:42)
	at jdk.internal.reflect.GeneratedMethodAccessor12.invoke(Unknown Source)
	at java.base/jdk.internal.reflect.DelegatingMethodAccessorImpl.invoke(DelegatingMethodAccessorImpl.java:43)
	at java.base/java.lang.reflect.Method.invoke(Method.java:569)
	at org.eclipse.lsp4j.jsonrpc.services.GenericEndpoint.lambda$recursiveFindRpcMethods$0(GenericEndpoint.java:65)
	at org.eclipse.lsp4j.jsonrpc.services.GenericEndpoint.notify(GenericEndpoint.java:160)
	at org.eclipse.lsp4j.jsonrpc.RemoteEndpoint.handleNotification(RemoteEndpoint.java:231)
	at org.eclipse.lsp4j.jsonrpc.RemoteEndpoint.consume(RemoteEndpoint.java:198)
	at org.eclipse.lsp4j.jsonrpc.json.StreamMessageProducer.handleMessage(StreamMessageProducer.java:185)
	at org.eclipse.lsp4j.jsonrpc.json.StreamMessageProducer.listen(StreamMessageProducer.java:97)
	at org.eclipse.lsp4j.jsonrpc.json.ConcurrentMessageProcessor.run(ConcurrentMessageProcessor.java:114)
	at java.base/java.util.concurrent.Executors$RunnableAdapter.call(Executors.java:539)
	at java.base/java.util.concurrent.FutureTask.run(FutureTask.java:264)
	at java.base/java.util.concurrent.ThreadPoolExecutor.runWorker(ThreadPoolExecutor.java:1136)
	at java.base/java.util.concurrent.ThreadPoolExecutor$Worker.run(ThreadPoolExecutor.java:635)
	at java.base/java.lang.Thread.run(Thread.java:840)

2025.11.26 18:47:37 INFO  no build target found for /home/riccardo/Documenti/spark/obj_logs.scala. Using presentation compiler with project's scala-library version: 2.12.20
2025.11.26 18:47:37 INFO  no build target found for /home/riccardo/Documenti/spark/obj_logs.scala. Using presentation compiler with project's scala-library version: 2.12.20
2025.11.26 18:47:37 WARN  no build target for: /home/riccardo/Documenti/spark/obj_logs.scala
2025.11.26 18:47:37 WARN  no build target for: /home/riccardo/Documenti/spark/obj_logs.scala
2025.11.26 18:47:37 INFO  no build target found for /home/riccardo/Documenti/spark/obj_logs.scala. Using presentation compiler with project's scala-library version: 2.12.20
2025.11.26 18:47:47 INFO  no build target found for /home/riccardo/Documenti/spark/obj_logs.scala. Using presentation compiler with project's scala-library version: 2.12.20
2025.11.26 18:47:47 WARN  no build target for: /home/riccardo/Documenti/spark/obj_logs.scala
2025.11.26 18:47:47 INFO  no build target found for /home/riccardo/Documenti/spark/obj_logs.scala. Using presentation compiler with project's scala-library version: 2.12.20
2025.11.26 18:47:52 INFO  no build target found for /home/riccardo/Documenti/spark/obj_logs.scala. Using presentation compiler with project's scala-library version: 2.12.20
2025.11.26 18:47:52 INFO  compiling spark (1 scala source)
2025.11.26 18:47:52 INFO  time: compiled spark in 0.45s
2025.11.26 18:49:31 INFO  compiling spark (1 scala source)
2025.11.26 18:49:31 INFO  time: compiled spark in 0.37s
2025.11.26 18:52:29 INFO  compiling spark (1 scala source)
2025.11.26 18:52:29 INFO  time: compiled spark in 0.4s
2025.11.26 19:01:31 INFO  compiling spark (1 scala source)
2025.11.26 19:01:31 INFO  time: compiled spark in 0.35s
nov 26, 2025 7:05:08 PM org.eclipse.lsp4j.jsonrpc.RemoteEndpoint handleNotification
AVVERTENZA: Notification threw an exception: {
  "jsonrpc": "2.0",
  "method": "metals/didFocusTextDocument",
  "params": [
    "vscode-chat-code-block://dnnjb2rllwnoyxqtc2vzc2lvbjovl2xvy2fsl1kysmlzakk0wvdjdflutmxpuzawwvrzd0xuz3pzamn0wvroall6tmxav00ywmpbmg/response_53de9a05-4b8a-474b-bd29-51a0c3ca4e42/0#%7B%22references%22%3A%5B%5D%7D"
  ]
}
java.nio.file.FileSystemNotFoundException: Provider "vscode-chat-code-block" not installed
	at java.base/java.nio.file.Path.of(Path.java:212)
	at java.base/java.nio.file.Paths.get(Paths.java:98)
	at scala.meta.internal.mtags.MtagsEnrichments$XtensionURIMtags.toAbsolutePath(MtagsEnrichments.scala:149)
	at scala.meta.internal.mtags.MtagsEnrichments$XtensionStringMtags.toAbsolutePath(MtagsEnrichments.scala:209)
	at scala.meta.internal.metals.MetalsEnrichments$XtensionString.toAbsolutePath(MetalsEnrichments.scala:796)
	at scala.meta.internal.metals.MetalsEnrichments$XtensionString.toAbsolutePath(MetalsEnrichments.scala:793)
	at scala.meta.internal.metals.WorkspaceLspService.didFocus(WorkspaceLspService.scala:786)
	at scala.meta.metals.lsp.DelegatingScalaService.didFocus(DelegatingScalaService.scala:42)
	at jdk.internal.reflect.GeneratedMethodAccessor12.invoke(Unknown Source)
	at java.base/jdk.internal.reflect.DelegatingMethodAccessorImpl.invoke(DelegatingMethodAccessorImpl.java:43)
	at java.base/java.lang.reflect.Method.invoke(Method.java:569)
	at org.eclipse.lsp4j.jsonrpc.services.GenericEndpoint.lambda$recursiveFindRpcMethods$0(GenericEndpoint.java:65)
	at org.eclipse.lsp4j.jsonrpc.services.GenericEndpoint.notify(GenericEndpoint.java:160)
	at org.eclipse.lsp4j.jsonrpc.RemoteEndpoint.handleNotification(RemoteEndpoint.java:231)
	at org.eclipse.lsp4j.jsonrpc.RemoteEndpoint.consume(RemoteEndpoint.java:198)
	at org.eclipse.lsp4j.jsonrpc.json.StreamMessageProducer.handleMessage(StreamMessageProducer.java:185)
	at org.eclipse.lsp4j.jsonrpc.json.StreamMessageProducer.listen(StreamMessageProducer.java:97)
	at org.eclipse.lsp4j.jsonrpc.json.ConcurrentMessageProcessor.run(ConcurrentMessageProcessor.java:114)
	at java.base/java.util.concurrent.Executors$RunnableAdapter.call(Executors.java:539)
	at java.base/java.util.concurrent.FutureTask.run(FutureTask.java:264)
	at java.base/java.util.concurrent.ThreadPoolExecutor.runWorker(ThreadPoolExecutor.java:1136)
	at java.base/java.util.concurrent.ThreadPoolExecutor$Worker.run(ThreadPoolExecutor.java:635)
	at java.base/java.lang.Thread.run(Thread.java:840)

nov 26, 2025 7:05:08 PM org.eclipse.lsp4j.jsonrpc.RemoteEndpoint handleNotification
AVVERTENZA: Notification threw an exception: {
  "jsonrpc": "2.0",
  "method": "metals/didFocusTextDocument",
  "params": [
    "vscode-chat-code-block://dnnjb2rllwnoyxqtc2vzc2lvbjovl2xvy2fsl1kysmlzakk0wvdjdflutmxpuzawwvrzd0xuz3pzamn0wvroall6tmxav00ywmpbmg/response_53de9a05-4b8a-474b-bd29-51a0c3ca4e42/1#%7B%22references%22%3A%5B%5D%7D"
  ]
}
java.nio.file.FileSystemNotFoundException: Provider "vscode-chat-code-block" not installed
	at java.base/java.nio.file.Path.of(Path.java:212)
	at java.base/java.nio.file.Paths.get(Paths.java:98)
	at scala.meta.internal.mtags.MtagsEnrichments$XtensionURIMtags.toAbsolutePath(MtagsEnrichments.scala:149)
	at scala.meta.internal.mtags.MtagsEnrichments$XtensionStringMtags.toAbsolutePath(MtagsEnrichments.scala:209)
	at scala.meta.internal.metals.MetalsEnrichments$XtensionString.toAbsolutePath(MetalsEnrichments.scala:796)
	at scala.meta.internal.metals.MetalsEnrichments$XtensionString.toAbsolutePath(MetalsEnrichments.scala:793)
	at scala.meta.internal.metals.WorkspaceLspService.didFocus(WorkspaceLspService.scala:786)
	at scala.meta.metals.lsp.DelegatingScalaService.didFocus(DelegatingScalaService.scala:42)
	at jdk.internal.reflect.GeneratedMethodAccessor12.invoke(Unknown Source)
	at java.base/jdk.internal.reflect.DelegatingMethodAccessorImpl.invoke(DelegatingMethodAccessorImpl.java:43)
	at java.base/java.lang.reflect.Method.invoke(Method.java:569)
	at org.eclipse.lsp4j.jsonrpc.services.GenericEndpoint.lambda$recursiveFindRpcMethods$0(GenericEndpoint.java:65)
	at org.eclipse.lsp4j.jsonrpc.services.GenericEndpoint.notify(GenericEndpoint.java:160)
	at org.eclipse.lsp4j.jsonrpc.RemoteEndpoint.handleNotification(RemoteEndpoint.java:231)
	at org.eclipse.lsp4j.jsonrpc.RemoteEndpoint.consume(RemoteEndpoint.java:198)
	at org.eclipse.lsp4j.jsonrpc.json.StreamMessageProducer.handleMessage(StreamMessageProducer.java:185)
	at org.eclipse.lsp4j.jsonrpc.json.StreamMessageProducer.listen(StreamMessageProducer.java:97)
	at org.eclipse.lsp4j.jsonrpc.json.ConcurrentMessageProcessor.run(ConcurrentMessageProcessor.java:114)
	at java.base/java.util.concurrent.Executors$RunnableAdapter.call(Executors.java:539)
	at java.base/java.util.concurrent.FutureTask.run(FutureTask.java:264)
	at java.base/java.util.concurrent.ThreadPoolExecutor.runWorker(ThreadPoolExecutor.java:1136)
	at java.base/java.util.concurrent.ThreadPoolExecutor$Worker.run(ThreadPoolExecutor.java:635)
	at java.base/java.lang.Thread.run(Thread.java:840)

2025.11.26 19:20:36 INFO  compiling spark (1 scala source)
2025.11.26 19:20:36 INFO  time: compiled spark in 0.37s
2025.11.26 19:26:11 INFO  compiling spark (1 scala source)
2025.11.26 19:26:11 INFO  time: compiled spark in 0.37s
nov 26, 2025 7:28:56 PM org.eclipse.lsp4j.jsonrpc.RemoteEndpoint handleCancellation
AVVERTENZA: Unmatched cancel notification for request id 1141
2025.11.26 19:30:46 INFO  compiling spark (1 scala source)
2025.11.26 19:30:46 INFO  time: compiled spark in 0.45s
2025.11.26 19:33:04 INFO  compiling spark (1 scala source)
2025.11.26 19:33:04 INFO  time: compiled spark in 0.41s
2025.11.26 19:37:54 INFO  compiling spark (1 scala source)
2025.11.26 19:37:54 INFO  time: compiled spark in 0.18s
2025.11.26 19:38:15 INFO  compiling spark (1 scala source)
2025.11.26 19:38:15 INFO  time: compiled spark in 0.38s
2025.11.26 19:41:49 INFO  compiling spark (1 scala source)
2025.11.26 19:41:49 INFO  time: compiled spark in 0.4s
2025.11.26 19:43:57 INFO  compiling spark (1 scala source)
2025.11.26 19:43:57 INFO  time: compiled spark in 0.43s
2025.11.26 19:47:38 INFO  compiling spark (1 scala source)
2025.11.26 19:47:38 INFO  time: compiled spark in 0.43s
2025.11.26 19:50:12 INFO  compiling spark (1 scala source)
2025.11.26 19:50:12 INFO  time: compiled spark in 0.45s
2025.11.26 19:50:57 INFO  compiling spark (1 scala source)
2025.11.26 19:50:57 INFO  time: compiled spark in 0.42s
nov 26, 2025 7:52:17 PM org.eclipse.lsp4j.jsonrpc.RemoteEndpoint handleCancellation
AVVERTENZA: Unmatched cancel notification for request id 2650
nov 26, 2025 7:52:17 PM org.eclipse.lsp4j.jsonrpc.RemoteEndpoint handleCancellation
AVVERTENZA: Unmatched cancel notification for request id 2651
nov 26, 2025 7:52:17 PM org.eclipse.lsp4j.jsonrpc.RemoteEndpoint handleCancellation
AVVERTENZA: Unmatched cancel notification for request id 2652
nov 26, 2025 7:52:17 PM org.eclipse.lsp4j.jsonrpc.RemoteEndpoint handleCancellation
AVVERTENZA: Unmatched cancel notification for request id 2654
nov 26, 2025 7:52:17 PM org.eclipse.lsp4j.jsonrpc.RemoteEndpoint handleCancellation
AVVERTENZA: Unmatched cancel notification for request id 2653
nov 26, 2025 7:52:17 PM org.eclipse.lsp4j.jsonrpc.RemoteEndpoint handleCancellation
AVVERTENZA: Unmatched cancel notification for request id 2655
nov 26, 2025 7:52:17 PM org.eclipse.lsp4j.jsonrpc.RemoteEndpoint handleCancellation
AVVERTENZA: Unmatched cancel notification for request id 2656
nov 26, 2025 7:52:17 PM org.eclipse.lsp4j.jsonrpc.RemoteEndpoint handleCancellation
AVVERTENZA: Unmatched cancel notification for request id 2660
nov 26, 2025 7:52:17 PM org.eclipse.lsp4j.jsonrpc.RemoteEndpoint handleCancellation
AVVERTENZA: Unmatched cancel notification for request id 2657
nov 26, 2025 7:52:17 PM org.eclipse.lsp4j.jsonrpc.RemoteEndpoint handleCancellation
AVVERTENZA: Unmatched cancel notification for request id 2658
nov 26, 2025 7:52:17 PM org.eclipse.lsp4j.jsonrpc.RemoteEndpoint handleCancellation
AVVERTENZA: Unmatched cancel notification for request id 2661
2025.11.26 19:55:03 INFO  compiling spark (1 scala source)
2025.11.26 19:55:03 INFO  time: compiled spark in 0.44s
2025.11.26 20:51:19 INFO  Shutting down server
2025.11.26 20:51:19 INFO  shutting down Metals
2025.11.26 20:51:19 INFO  Shut down connection with build server.
2025.11.26 20:51:19 INFO  Shut down connection with build server.
2025.11.26 20:51:19 INFO  Exiting server
2025.11.29 12:05:08 INFO  Started: Metals version 1.6.4 in folders '/home/riccardo/Documenti/spark' for client Visual Studio Code 1.106.2.
2025.11.29 12:05:08 WARN  Using H2 2.4.240 which is newer than the version Flyway has been verified with. The latest verified version of H2 is 2.3.232.
2025.11.29 12:05:08 INFO  Attempting to connect to the build server...
2025.11.29 12:05:08 INFO  No running Bloop server found, starting one.
2025.11.29 12:05:08 INFO  no build target found for /home/riccardo/Documenti/spark/src/main/scala/sparkPratica/obj_logs.scala. Using presentation compiler with project's scala-library version: 3.3.6
2025.11.29 12:05:09 INFO  Starting compilation server
2025.11.29 12:05:09 INFO  tracing is disabled for protocol BSP, to enable tracing of incoming and outgoing JSON messages create an empty file at /home/riccardo/Documenti/spark/.metals/bsp.trace.json or /home/riccardo/.cache/metals/bsp.trace.json
2025.11.29 12:05:11 INFO  Attempting to connect to the build server...
2025.11.29 12:05:11 INFO  Found a Bloop server running
2025.11.29 12:05:11 INFO  tracing is disabled for protocol BSP, to enable tracing of incoming and outgoing JSON messages create an empty file at /home/riccardo/Documenti/spark/project/.metals/bsp.trace.json or /home/riccardo/.cache/metals/bsp.trace.json
2025.11.29 12:05:12 INFO  time: Connected to build server in 3.56s
2025.11.29 12:05:11 INFO  Connected to Build server: Bloop v2.0.17
2025.11.29 12:05:14 WARN  Could not find java sources in /usr/lib/jvm/src.zip, /usr/lib/jvm/lib/src.zip, /usr/lib/jvm/java-17-openjdk-amd64/src.zip, /usr/lib/jvm/java-17-openjdk-amd64/lib/src.zip. Java symbols will not be available.
2025.11.29 12:05:14 INFO  time: indexed workspace in 3.01s
2025.11.29 12:05:15 INFO  compiling spark (2 scala sources)
2025.11.29 12:05:17 INFO  time: compiled spark in 1.57s
2025.11.29 12:05:24 INFO  Shutting down server
2025.11.29 12:05:24 INFO  shutting down Metals
2025.11.29 12:05:24 INFO  Shut down connection with build server.
2025.11.29 12:05:24 INFO  Shut down connection with build server.
2025.11.29 12:05:24 INFO  Exiting server
2025.11.29 12:07:32 INFO  Started: Metals version 1.6.4 in folders '/home/riccardo/Documenti/spark' for client Visual Studio Code 1.106.2.
2025.11.29 12:07:32 WARN  Using H2 2.4.240 which is newer than the version Flyway has been verified with. The latest verified version of H2 is 2.3.232.
nov 29, 2025 12:07:33 PM org.eclipse.lsp4j.jsonrpc.services.GenericEndpoint notify
INFORMAZIONI: Unsupported notification method: $/setTrace
2025.11.29 12:07:33 INFO  Attempting to connect to the build server...
2025.11.29 12:07:33 INFO  Found a Bloop server running
2025.11.29 12:07:33 INFO  tracing is disabled for protocol BSP, to enable tracing of incoming and outgoing JSON messages create an empty file at /home/riccardo/Documenti/spark/.metals/bsp.trace.json or /home/riccardo/.cache/metals/bsp.trace.json
2025.11.29 12:07:33 INFO  Attempting to connect to the build server...
2025.11.29 12:07:33 INFO  Found a Bloop server running
2025.11.29 12:07:33 INFO  tracing is disabled for protocol BSP, to enable tracing of incoming and outgoing JSON messages create an empty file at /home/riccardo/Documenti/spark/project/.metals/bsp.trace.json or /home/riccardo/.cache/metals/bsp.trace.json
2025.11.29 12:07:33 INFO  time: Connected to build server in 0.25s
2025.11.29 12:07:33 INFO  Connected to Build server: Bloop v2.0.17
2025.11.29 12:07:35 WARN  Could not find java sources in /usr/lib/jvm/src.zip, /usr/lib/jvm/lib/src.zip, /usr/lib/jvm/java-17-openjdk-amd64/src.zip, /usr/lib/jvm/java-17-openjdk-amd64/lib/src.zip. Java symbols will not be available.
2025.11.29 12:07:35 INFO  time: indexed workspace in 2.2s
nov 29, 2025 12:12:29 PM org.eclipse.lsp4j.jsonrpc.services.GenericEndpoint notify
INFORMAZIONI: Unsupported notification method: $/setTrace
